# project ns (3.28) configured on Wed Oct 14 11:26:54 2020 by
# waf 1.8.19 (abi 98, python 30705f0 on linux)
# using ./waf configure
#
----------------------------------------
Setting top to
/home/hanfeixue/ns3/MultiEnv
----------------------------------------
Setting out to
/home/hanfeixue/ns3/MultiEnv/build
----------------------------------------
Checking for 'gcc' (C compiler)
find program=['gcc', 'cc'] paths=['/opt/miniconda3/bin', '/opt/miniconda3/condabin', '/usr/local/sbin', '/usr/local/bin', '/usr/sbin', '/usr/bin', '/sbin', '/bin', '/usr/games', '/usr/local/games', '/snap/bin'] var='CC' -> ['/usr/bin/gcc']
['/usr/bin/gcc', '-dM', '-E', '-']
out: #define __SSP_STRONG__ 3
#define __DBL_MIN_EXP__ (-1021)
#define __FLT32X_MAX_EXP__ 1024
#define __UINT_LEAST16_MAX__ 0xffff
#define __ATOMIC_ACQUIRE 2
#define __FLT128_MAX_10_EXP__ 4932
#define __FLT_MIN__ 1.17549435082228750796873653722224568e-38F
#define __GCC_IEC_559_COMPLEX 2
#define __UINT_LEAST8_TYPE__ unsigned char
#define __SIZEOF_FLOAT80__ 16
#define __INTMAX_C(c) c ## L
#define __CHAR_BIT__ 8
#define __UINT8_MAX__ 0xff
#define __WINT_MAX__ 0xffffffffU
#define __FLT32_MIN_EXP__ (-125)
#define __ORDER_LITTLE_ENDIAN__ 1234
#define __SIZE_MAX__ 0xffffffffffffffffUL
#define __WCHAR_MAX__ 0x7fffffff
#define __GCC_HAVE_SYNC_COMPARE_AND_SWAP_1 1
#define __GCC_HAVE_SYNC_COMPARE_AND_SWAP_2 1
#define __GCC_HAVE_SYNC_COMPARE_AND_SWAP_4 1
#define __DBL_DENORM_MIN__ ((double)4.94065645841246544176568792868221372e-324L)
#define __GCC_HAVE_SYNC_COMPARE_AND_SWAP_8 1
#define __GCC_ATOMIC_CHAR_LOCK_FREE 2
#define __GCC_IEC_559 2
#define __FLT32X_DECIMAL_DIG__ 17
#define __FLT_EVAL_METHOD__ 0
#define __unix__ 1
#define __FLT64_DECIMAL_DIG__ 17
#define __GCC_ATOMIC_CHAR32_T_LOCK_FREE 2
#define __x86_64 1
#define __UINT_FAST64_MAX__ 0xffffffffffffffffUL
#define __SIG_ATOMIC_TYPE__ int
#define __DBL_MIN_10_EXP__ (-307)
#define __FINITE_MATH_ONLY__ 0
#define __GNUC_PATCHLEVEL__ 0
#define __FLT32_HAS_DENORM__ 1
#define __UINT_FAST8_MAX__ 0xff
#define __has_include(STR) __has_include__(STR)
#define __DEC64_MAX_EXP__ 385
#define __INT8_C(c) c
#define __INT_LEAST8_WIDTH__ 8
#define __UINT_LEAST64_MAX__ 0xffffffffffffffffUL
#define __SHRT_MAX__ 0x7fff
#define __LDBL_MAX__ 1.18973149535723176502126385303097021e+4932L
#define __FLT64X_MAX_10_EXP__ 4932
#define __UINT_LEAST8_MAX__ 0xff
#define __GCC_ATOMIC_BOOL_LOCK_FREE 2
#define __FLT128_DENORM_MIN__ 6.47517511943802511092443895822764655e-4966F128
#define __UINTMAX_TYPE__ long unsigned int
#define __linux 1
#define __DEC32_EPSILON__ 1E-6DF
#define __FLT_EVAL_METHOD_TS_18661_3__ 0
#define __unix 1
#define __UINT32_MAX__ 0xffffffffU
#define __LDBL_MAX_EXP__ 16384
#define __FLT128_MIN_EXP__ (-16381)
#define __WINT_MIN__ 0U
#define __linux__ 1
#define __FLT128_MIN_10_EXP__ (-4931)
#define __INT_LEAST16_WIDTH__ 16
#define __SCHAR_MAX__ 0x7f
#define __FLT128_MANT_DIG__ 113
#define __WCHAR_MIN__ (-__WCHAR_MAX__ - 1)
#define __INT64_C(c) c ## L
#define __DBL_DIG__ 15
#define __GCC_ATOMIC_POINTER_LOCK_FREE 2
#define __FLT64X_MANT_DIG__ 64
#define __SIZEOF_INT__ 4
#define __SIZEOF_POINTER__ 8
#define __USER_LABEL_PREFIX__ 
#define __FLT64X_EPSILON__ 1.08420217248550443400745280086994171e-19F64x
#define __STDC_HOSTED__ 1
#define __LDBL_HAS_INFINITY__ 1
#define __FLT32_DIG__ 6
#define __FLT_EPSILON__ 1.19209289550781250000000000000000000e-7F
#define __SHRT_WIDTH__ 16
#define __LDBL_MIN__ 3.36210314311209350626267781732175260e-4932L
#define __STDC_UTF_16__ 1
#define __DEC32_MAX__ 9.999999E96DF
#define __FLT64X_DENORM_MIN__ 3.64519953188247460252840593361941982e-4951F64x
#define __FLT32X_HAS_INFINITY__ 1
#define __INT32_MAX__ 0x7fffffff
#define __INT_WIDTH__ 32
#define __SIZEOF_LONG__ 8
#define __STDC_IEC_559__ 1
#define __STDC_ISO_10646__ 201706L
#define __UINT16_C(c) c
#define __PTRDIFF_WIDTH__ 64
#define __DECIMAL_DIG__ 21
#define __FLT64_EPSILON__ 2.22044604925031308084726333618164062e-16F64
#define __gnu_linux__ 1
#define __INTMAX_WIDTH__ 64
#define __has_include_next(STR) __has_include_next__(STR)
#define __FLT64X_MIN_10_EXP__ (-4931)
#define __LDBL_HAS_QUIET_NAN__ 1
#define __FLT64_MANT_DIG__ 53
#define __GNUC__ 7
#define __pie__ 2
#define __MMX__ 1
#define __FLT_HAS_DENORM__ 1
#define __SIZEOF_LONG_DOUBLE__ 16
#define __BIGGEST_ALIGNMENT__ 16
#define __FLT64_MAX_10_EXP__ 308
#define __DBL_MAX__ ((double)1.79769313486231570814527423731704357e+308L)
#define __INT_FAST32_MAX__ 0x7fffffffffffffffL
#define __DBL_HAS_INFINITY__ 1
#define __DEC32_MIN_EXP__ (-94)
#define __INTPTR_WIDTH__ 64
#define __FLT32X_HAS_DENORM__ 1
#define __INT_FAST16_TYPE__ long int
#define __LDBL_HAS_DENORM__ 1
#define __FLT128_HAS_INFINITY__ 1
#define __DEC128_MAX__ 9.999999999999999999999999999999999E6144DL
#define __INT_LEAST32_MAX__ 0x7fffffff
#define __DEC32_MIN__ 1E-95DF
#define __DBL_MAX_EXP__ 1024
#define __WCHAR_WIDTH__ 32
#define __FLT32_MAX__ 3.40282346638528859811704183484516925e+38F32
#define __DEC128_EPSILON__ 1E-33DL
#define __SSE2_MATH__ 1
#define __ATOMIC_HLE_RELEASE 131072
#define __PTRDIFF_MAX__ 0x7fffffffffffffffL
#define __amd64 1
#define __STDC_NO_THREADS__ 1
#define __ATOMIC_HLE_ACQUIRE 65536
#define __FLT32_HAS_QUIET_NAN__ 1
#define __LONG_LONG_MAX__ 0x7fffffffffffffffLL
#define __SIZEOF_SIZE_T__ 8
#define __FLT64X_MIN_EXP__ (-16381)
#define __SIZEOF_WINT_T__ 4
#define __LONG_LONG_WIDTH__ 64
#define __FLT32_MAX_EXP__ 128
#define __GCC_HAVE_DWARF2_CFI_ASM 1
#define __GXX_ABI_VERSION 1011
#define __FLT_MIN_EXP__ (-125)
#define __FLT64X_HAS_QUIET_NAN__ 1
#define __INT_FAST64_TYPE__ long int
#define __FLT64_DENORM_MIN__ 4.94065645841246544176568792868221372e-324F64
#define __DBL_MIN__ ((double)2.22507385850720138309023271733240406e-308L)
#define __PIE__ 2
#define __LP64__ 1
#define __FLT32X_EPSILON__ 2.22044604925031308084726333618164062e-16F32x
#define __DECIMAL_BID_FORMAT__ 1
#define __FLT64_MIN_EXP__ (-1021)
#define __FLT64_MIN_10_EXP__ (-307)
#define __FLT64X_DECIMAL_DIG__ 21
#define __DEC128_MIN__ 1E-6143DL
#define __REGISTER_PREFIX__ 
#define __UINT16_MAX__ 0xffff
#define __DBL_HAS_DENORM__ 1
#define __FLT32_MIN__ 1.17549435082228750796873653722224568e-38F32
#define __UINT8_TYPE__ unsigned char
#define __NO_INLINE__ 1
#define __FLT_MANT_DIG__ 24
#define __LDBL_DECIMAL_DIG__ 21
#define __VERSION__ "7.5.0"
#define __UINT64_C(c) c ## UL
#define _STDC_PREDEF_H 1
#define __GCC_ATOMIC_INT_LOCK_FREE 2
#define __FLT128_MAX_EXP__ 16384
#define __FLT32_MANT_DIG__ 24
#define __FLOAT_WORD_ORDER__ __ORDER_LITTLE_ENDIAN__
#define __STDC_IEC_559_COMPLEX__ 1
#define __FLT128_HAS_DENORM__ 1
#define __FLT128_DIG__ 33
#define __SCHAR_WIDTH__ 8
#define __INT32_C(c) c
#define __DEC64_EPSILON__ 1E-15DD
#define __ORDER_PDP_ENDIAN__ 3412
#define __DEC128_MIN_EXP__ (-6142)
#define __FLT32_MAX_10_EXP__ 38
#define __INT_FAST32_TYPE__ long int
#define __UINT_LEAST16_TYPE__ short unsigned int
#define __FLT64X_HAS_INFINITY__ 1
#define unix 1
#define __INT16_MAX__ 0x7fff
#define __SIZE_TYPE__ long unsigned int
#define __UINT64_MAX__ 0xffffffffffffffffUL
#define __FLT64X_DIG__ 18
#define __INT8_TYPE__ signed char
#define __ELF__ 1
#define __GCC_ASM_FLAG_OUTPUTS__ 1
#define __FLT_RADIX__ 2
#define __INT_LEAST16_TYPE__ short int
#define __LDBL_EPSILON__ 1.08420217248550443400745280086994171e-19L
#define __UINTMAX_C(c) c ## UL
#define __SSE_MATH__ 1
#define __k8 1
#define __SIG_ATOMIC_MAX__ 0x7fffffff
#define __GCC_ATOMIC_WCHAR_T_LOCK_FREE 2
#define __SIZEOF_PTRDIFF_T__ 8
#define __FLT32X_MANT_DIG__ 53
#define __x86_64__ 1
#define __FLT32X_MIN_EXP__ (-1021)
#define __DEC32_SUBNORMAL_MIN__ 0.000001E-95DF
#define __INT_FAST16_MAX__ 0x7fffffffffffffffL
#define __FLT64_DIG__ 15
#define __UINT_FAST32_MAX__ 0xffffffffffffffffUL
#define __UINT_LEAST64_TYPE__ long unsigned int
#define __FLT_HAS_QUIET_NAN__ 1
#define __FLT_MAX_10_EXP__ 38
#define __LONG_MAX__ 0x7fffffffffffffffL
#define __FLT64X_HAS_DENORM__ 1
#define __DEC128_SUBNORMAL_MIN__ 0.000000000000000000000000000000001E-6143DL
#define __FLT_HAS_INFINITY__ 1
#define __UINT_FAST16_TYPE__ long unsigned int
#define __DEC64_MAX__ 9.999999999999999E384DD
#define __INT_FAST32_WIDTH__ 64
#define __CHAR16_TYPE__ short unsigned int
#define __PRAGMA_REDEFINE_EXTNAME 1
#define __SIZE_WIDTH__ 64
#define __SEG_FS 1
#define __INT_LEAST16_MAX__ 0x7fff
#define __DEC64_MANT_DIG__ 16
#define __INT64_MAX__ 0x7fffffffffffffffL
#define __UINT_LEAST32_MAX__ 0xffffffffU
#define __SEG_GS 1
#define __FLT32_DENORM_MIN__ 1.40129846432481707092372958328991613e-45F32
#define __GCC_ATOMIC_LONG_LOCK_FREE 2
#define __SIG_ATOMIC_WIDTH__ 32
#define __INT_LEAST64_TYPE__ long int
#define __INT16_TYPE__ short int
#define __INT_LEAST8_TYPE__ signed char
#define __STDC_VERSION__ 201112L
#define __DEC32_MAX_EXP__ 97
#define __INT_FAST8_MAX__ 0x7f
#define __FLT128_MAX__ 1.18973149535723176508575932662800702e+4932F128
#define __INTPTR_MAX__ 0x7fffffffffffffffL
#define linux 1
#define __FLT64_HAS_QUIET_NAN__ 1
#define __FLT32_MIN_10_EXP__ (-37)
#define __SSE2__ 1
#define __FLT32X_DIG__ 15
#define __LDBL_MANT_DIG__ 64
#define __DBL_HAS_QUIET_NAN__ 1
#define __FLT64_HAS_INFINITY__ 1
#define __FLT64X_MAX__ 1.18973149535723176502126385303097021e+4932F64x
#define __SIG_ATOMIC_MIN__ (-__SIG_ATOMIC_MAX__ - 1)
#define __code_model_small__ 1
#define __k8__ 1
#define __INTPTR_TYPE__ long int
#define __UINT16_TYPE__ short unsigned int
#define __WCHAR_TYPE__ int
#define __SIZEOF_FLOAT__ 4
#define __pic__ 2
#define __UINTPTR_MAX__ 0xffffffffffffffffUL
#define __INT_FAST64_WIDTH__ 64
#define __DEC64_MIN_EXP__ (-382)
#define __FLT32_DECIMAL_DIG__ 9
#define __INT_FAST64_MAX__ 0x7fffffffffffffffL
#define __GCC_ATOMIC_TEST_AND_SET_TRUEVAL 1
#define __FLT_DIG__ 6
#define __FLT32_HAS_INFINITY__ 1
#define __FLT64X_MAX_EXP__ 16384
#define __UINT_FAST64_TYPE__ long unsigned int
#define __INT_MAX__ 0x7fffffff
#define __amd64__ 1
#define __INT64_TYPE__ long int
#define __FLT_MAX_EXP__ 128
#define __ORDER_BIG_ENDIAN__ 4321
#define __DBL_MANT_DIG__ 53
#define __SIZEOF_FLOAT128__ 16
#define __INT_LEAST64_MAX__ 0x7fffffffffffffffL
#define __GCC_ATOMIC_CHAR16_T_LOCK_FREE 2
#define __DEC64_MIN__ 1E-383DD
#define __WINT_TYPE__ unsigned int
#define __UINT_LEAST32_TYPE__ unsigned int
#define __SIZEOF_SHORT__ 2
#define __SSE__ 1
#define __LDBL_MIN_EXP__ (-16381)
#define __FLT64_MAX__ 1.79769313486231570814527423731704357e+308F64
#define __WINT_WIDTH__ 32
#define __INT_LEAST8_MAX__ 0x7f
#define __FLT32X_MAX_10_EXP__ 308
#define __SIZEOF_INT128__ 16
#define __LDBL_MAX_10_EXP__ 4932
#define __ATOMIC_RELAXED 0
#define __DBL_EPSILON__ ((double)2.22044604925031308084726333618164062e-16L)
#define __FLT128_MIN__ 3.36210314311209350626267781732175260e-4932F128
#define _LP64 1
#define __UINT8_C(c) c
#define __FLT64_MAX_EXP__ 1024
#define __INT_LEAST32_TYPE__ int
#define __SIZEOF_WCHAR_T__ 4
#define __UINT64_TYPE__ long unsigned int
#define __FLT128_HAS_QUIET_NAN__ 1
#define __INT_FAST8_TYPE__ signed char
#define __FLT64X_MIN__ 3.36210314311209350626267781732175260e-4932F64x
#define __GNUC_STDC_INLINE__ 1
#define __FLT64_HAS_DENORM__ 1
#define __FLT32_EPSILON__ 1.19209289550781250000000000000000000e-7F32
#define __DBL_DECIMAL_DIG__ 17
#define __STDC_UTF_32__ 1
#define __INT_FAST8_WIDTH__ 8
#define __FXSR__ 1
#define __DEC_EVAL_METHOD__ 2
#define __FLT32X_MAX__ 1.79769313486231570814527423731704357e+308F32x
#define __UINT32_C(c) c ## U
#define __INTMAX_MAX__ 0x7fffffffffffffffL
#define __BYTE_ORDER__ __ORDER_LITTLE_ENDIAN__
#define __FLT_DENORM_MIN__ 1.40129846432481707092372958328991613e-45F
#define __INT8_MAX__ 0x7f
#define __LONG_WIDTH__ 64
#define __PIC__ 2
#define __UINT_FAST32_TYPE__ long unsigned int
#define __CHAR32_TYPE__ unsigned int
#define __FLT_MAX__ 3.40282346638528859811704183484516925e+38F
#define __INT32_TYPE__ int
#define __SIZEOF_DOUBLE__ 8
#define __FLT_MIN_10_EXP__ (-37)
#define __FLT64_MIN__ 2.22507385850720138309023271733240406e-308F64
#define __INT_LEAST32_WIDTH__ 32
#define __INTMAX_TYPE__ long int
#define __DEC128_MAX_EXP__ 6145
#define __FLT32X_HAS_QUIET_NAN__ 1
#define __ATOMIC_CONSUME 1
#define __GNUC_MINOR__ 5
#define __INT_FAST16_WIDTH__ 64
#define __UINTMAX_MAX__ 0xffffffffffffffffUL
#define __DEC32_MANT_DIG__ 7
#define __FLT32X_DENORM_MIN__ 4.94065645841246544176568792868221372e-324F32x
#define __DBL_MAX_10_EXP__ 308
#define __LDBL_DENORM_MIN__ 3.64519953188247460252840593361941982e-4951L
#define __INT16_C(c) c
#define __STDC__ 1
#define __PTRDIFF_TYPE__ long int
#define __ATOMIC_SEQ_CST 5
#define __UINT32_TYPE__ unsigned int
#define __FLT32X_MIN_10_EXP__ (-307)
#define __UINTPTR_TYPE__ long unsigned int
#define __DEC64_SUBNORMAL_MIN__ 0.000000000000001E-383DD
#define __DEC128_MANT_DIG__ 34
#define __LDBL_MIN_10_EXP__ (-4931)
#define __FLT128_EPSILON__ 1.92592994438723585305597794258492732e-34F128
#define __SIZEOF_LONG_LONG__ 8
#define __FLT128_DECIMAL_DIG__ 36
#define __GCC_ATOMIC_LLONG_LOCK_FREE 2
#define __FLT32X_MIN__ 2.22507385850720138309023271733240406e-308F32x
#define __LDBL_DIG__ 18
#define __FLT_DECIMAL_DIG__ 9
#define __UINT_FAST16_MAX__ 0xffffffffffffffffUL
#define __GCC_ATOMIC_SHORT_LOCK_FREE 2
#define __INT_LEAST64_WIDTH__ 64
#define __UINT_FAST8_TYPE__ unsigned char
#define __ATOMIC_ACQ_REL 4
#define __ATOMIC_RELEASE 3

find program=['ar'] paths=['/opt/miniconda3/bin', '/opt/miniconda3/condabin', '/usr/local/sbin', '/usr/local/bin', '/usr/sbin', '/usr/bin', '/sbin', '/bin', '/usr/games', '/usr/local/games', '/snap/bin'] var='AR' -> ['/usr/bin/ar']
/usr/bin/gcc
----------------------------------------
Checking for cc version
7.5.0
----------------------------------------
Checking for 'g++' (C++ compiler)
find program=['g++', 'c++'] paths=['/opt/miniconda3/bin', '/opt/miniconda3/condabin', '/usr/local/sbin', '/usr/local/bin', '/usr/sbin', '/usr/bin', '/sbin', '/bin', '/usr/games', '/usr/local/games', '/snap/bin'] var='CXX' -> ['/usr/bin/g++']
['/usr/bin/g++', '-dM', '-E', '-']
out: #define __SSP_STRONG__ 3
#define __DBL_MIN_EXP__ (-1021)
#define __FLT32X_MAX_EXP__ 1024
#define __UINT_LEAST16_MAX__ 0xffff
#define __ATOMIC_ACQUIRE 2
#define __FLT128_MAX_10_EXP__ 4932
#define __FLT_MIN__ 1.17549435082228750796873653722224568e-38F
#define __GCC_IEC_559_COMPLEX 2
#define __UINT_LEAST8_TYPE__ unsigned char
#define __SIZEOF_FLOAT80__ 16
#define __INTMAX_C(c) c ## L
#define __CHAR_BIT__ 8
#define __UINT8_MAX__ 0xff
#define __WINT_MAX__ 0xffffffffU
#define __FLT32_MIN_EXP__ (-125)
#define __ORDER_LITTLE_ENDIAN__ 1234
#define __SIZE_MAX__ 0xffffffffffffffffUL
#define __WCHAR_MAX__ 0x7fffffff
#define __GCC_HAVE_SYNC_COMPARE_AND_SWAP_1 1
#define __GCC_HAVE_SYNC_COMPARE_AND_SWAP_2 1
#define __GCC_HAVE_SYNC_COMPARE_AND_SWAP_4 1
#define __DBL_DENORM_MIN__ ((double)4.94065645841246544176568792868221372e-324L)
#define __GCC_HAVE_SYNC_COMPARE_AND_SWAP_8 1
#define __GCC_ATOMIC_CHAR_LOCK_FREE 2
#define __GCC_IEC_559 2
#define __FLT32X_DECIMAL_DIG__ 17
#define __FLT_EVAL_METHOD__ 0
#define __unix__ 1
#define __FLT64_DECIMAL_DIG__ 17
#define __GCC_ATOMIC_CHAR32_T_LOCK_FREE 2
#define __x86_64 1
#define __UINT_FAST64_MAX__ 0xffffffffffffffffUL
#define __SIG_ATOMIC_TYPE__ int
#define __DBL_MIN_10_EXP__ (-307)
#define __FINITE_MATH_ONLY__ 0
#define __GNUC_PATCHLEVEL__ 0
#define __FLT32_HAS_DENORM__ 1
#define __UINT_FAST8_MAX__ 0xff
#define __has_include(STR) __has_include__(STR)
#define __DEC64_MAX_EXP__ 385
#define __INT8_C(c) c
#define __INT_LEAST8_WIDTH__ 8
#define __UINT_LEAST64_MAX__ 0xffffffffffffffffUL
#define __SHRT_MAX__ 0x7fff
#define __LDBL_MAX__ 1.18973149535723176502126385303097021e+4932L
#define __FLT64X_MAX_10_EXP__ 4932
#define __UINT_LEAST8_MAX__ 0xff
#define __GCC_ATOMIC_BOOL_LOCK_FREE 2
#define __FLT128_DENORM_MIN__ 6.47517511943802511092443895822764655e-4966F128
#define __UINTMAX_TYPE__ long unsigned int
#define __linux 1
#define __DEC32_EPSILON__ 1E-6DF
#define __FLT_EVAL_METHOD_TS_18661_3__ 0
#define __unix 1
#define __UINT32_MAX__ 0xffffffffU
#define __LDBL_MAX_EXP__ 16384
#define __FLT128_MIN_EXP__ (-16381)
#define __WINT_MIN__ 0U
#define __linux__ 1
#define __FLT128_MIN_10_EXP__ (-4931)
#define __INT_LEAST16_WIDTH__ 16
#define __SCHAR_MAX__ 0x7f
#define __FLT128_MANT_DIG__ 113
#define __WCHAR_MIN__ (-__WCHAR_MAX__ - 1)
#define __INT64_C(c) c ## L
#define __DBL_DIG__ 15
#define __GCC_ATOMIC_POINTER_LOCK_FREE 2
#define __FLT64X_MANT_DIG__ 64
#define __SIZEOF_INT__ 4
#define __SIZEOF_POINTER__ 8
#define __USER_LABEL_PREFIX__ 
#define __FLT64X_EPSILON__ 1.08420217248550443400745280086994171e-19F64x
#define __STDC_HOSTED__ 1
#define __LDBL_HAS_INFINITY__ 1
#define __FLT32_DIG__ 6
#define __FLT_EPSILON__ 1.19209289550781250000000000000000000e-7F
#define __SHRT_WIDTH__ 16
#define __LDBL_MIN__ 3.36210314311209350626267781732175260e-4932L
#define __STDC_UTF_16__ 1
#define __DEC32_MAX__ 9.999999E96DF
#define __FLT64X_DENORM_MIN__ 3.64519953188247460252840593361941982e-4951F64x
#define __FLT32X_HAS_INFINITY__ 1
#define __INT32_MAX__ 0x7fffffff
#define __INT_WIDTH__ 32
#define __SIZEOF_LONG__ 8
#define __STDC_IEC_559__ 1
#define __STDC_ISO_10646__ 201706L
#define __UINT16_C(c) c
#define __PTRDIFF_WIDTH__ 64
#define __DECIMAL_DIG__ 21
#define __FLT64_EPSILON__ 2.22044604925031308084726333618164062e-16F64
#define __gnu_linux__ 1
#define __INTMAX_WIDTH__ 64
#define __has_include_next(STR) __has_include_next__(STR)
#define __FLT64X_MIN_10_EXP__ (-4931)
#define __LDBL_HAS_QUIET_NAN__ 1
#define __FLT64_MANT_DIG__ 53
#define __GNUC__ 7
#define __pie__ 2
#define __MMX__ 1
#define __FLT_HAS_DENORM__ 1
#define __SIZEOF_LONG_DOUBLE__ 16
#define __BIGGEST_ALIGNMENT__ 16
#define __FLT64_MAX_10_EXP__ 308
#define __DBL_MAX__ ((double)1.79769313486231570814527423731704357e+308L)
#define __INT_FAST32_MAX__ 0x7fffffffffffffffL
#define __DBL_HAS_INFINITY__ 1
#define __DEC32_MIN_EXP__ (-94)
#define __INTPTR_WIDTH__ 64
#define __FLT32X_HAS_DENORM__ 1
#define __INT_FAST16_TYPE__ long int
#define __LDBL_HAS_DENORM__ 1
#define __FLT128_HAS_INFINITY__ 1
#define __DEC128_MAX__ 9.999999999999999999999999999999999E6144DL
#define __INT_LEAST32_MAX__ 0x7fffffff
#define __DEC32_MIN__ 1E-95DF
#define __DBL_MAX_EXP__ 1024
#define __WCHAR_WIDTH__ 32
#define __FLT32_MAX__ 3.40282346638528859811704183484516925e+38F32
#define __DEC128_EPSILON__ 1E-33DL
#define __SSE2_MATH__ 1
#define __ATOMIC_HLE_RELEASE 131072
#define __PTRDIFF_MAX__ 0x7fffffffffffffffL
#define __amd64 1
#define __STDC_NO_THREADS__ 1
#define __ATOMIC_HLE_ACQUIRE 65536
#define __FLT32_HAS_QUIET_NAN__ 1
#define __LONG_LONG_MAX__ 0x7fffffffffffffffLL
#define __SIZEOF_SIZE_T__ 8
#define __FLT64X_MIN_EXP__ (-16381)
#define __SIZEOF_WINT_T__ 4
#define __LONG_LONG_WIDTH__ 64
#define __FLT32_MAX_EXP__ 128
#define __GCC_HAVE_DWARF2_CFI_ASM 1
#define __GXX_ABI_VERSION 1011
#define __FLT_MIN_EXP__ (-125)
#define __FLT64X_HAS_QUIET_NAN__ 1
#define __INT_FAST64_TYPE__ long int
#define __FLT64_DENORM_MIN__ 4.94065645841246544176568792868221372e-324F64
#define __DBL_MIN__ ((double)2.22507385850720138309023271733240406e-308L)
#define __PIE__ 2
#define __LP64__ 1
#define __FLT32X_EPSILON__ 2.22044604925031308084726333618164062e-16F32x
#define __DECIMAL_BID_FORMAT__ 1
#define __FLT64_MIN_EXP__ (-1021)
#define __FLT64_MIN_10_EXP__ (-307)
#define __FLT64X_DECIMAL_DIG__ 21
#define __DEC128_MIN__ 1E-6143DL
#define __REGISTER_PREFIX__ 
#define __UINT16_MAX__ 0xffff
#define __DBL_HAS_DENORM__ 1
#define __FLT32_MIN__ 1.17549435082228750796873653722224568e-38F32
#define __UINT8_TYPE__ unsigned char
#define __NO_INLINE__ 1
#define __FLT_MANT_DIG__ 24
#define __LDBL_DECIMAL_DIG__ 21
#define __VERSION__ "7.5.0"
#define __UINT64_C(c) c ## UL
#define _STDC_PREDEF_H 1
#define __GCC_ATOMIC_INT_LOCK_FREE 2
#define __FLT128_MAX_EXP__ 16384
#define __FLT32_MANT_DIG__ 24
#define __FLOAT_WORD_ORDER__ __ORDER_LITTLE_ENDIAN__
#define __STDC_IEC_559_COMPLEX__ 1
#define __FLT128_HAS_DENORM__ 1
#define __FLT128_DIG__ 33
#define __SCHAR_WIDTH__ 8
#define __INT32_C(c) c
#define __DEC64_EPSILON__ 1E-15DD
#define __ORDER_PDP_ENDIAN__ 3412
#define __DEC128_MIN_EXP__ (-6142)
#define __FLT32_MAX_10_EXP__ 38
#define __INT_FAST32_TYPE__ long int
#define __UINT_LEAST16_TYPE__ short unsigned int
#define __FLT64X_HAS_INFINITY__ 1
#define unix 1
#define __INT16_MAX__ 0x7fff
#define __SIZE_TYPE__ long unsigned int
#define __UINT64_MAX__ 0xffffffffffffffffUL
#define __FLT64X_DIG__ 18
#define __INT8_TYPE__ signed char
#define __ELF__ 1
#define __GCC_ASM_FLAG_OUTPUTS__ 1
#define __FLT_RADIX__ 2
#define __INT_LEAST16_TYPE__ short int
#define __LDBL_EPSILON__ 1.08420217248550443400745280086994171e-19L
#define __UINTMAX_C(c) c ## UL
#define __SSE_MATH__ 1
#define __k8 1
#define __SIG_ATOMIC_MAX__ 0x7fffffff
#define __GCC_ATOMIC_WCHAR_T_LOCK_FREE 2
#define __SIZEOF_PTRDIFF_T__ 8
#define __FLT32X_MANT_DIG__ 53
#define __x86_64__ 1
#define __FLT32X_MIN_EXP__ (-1021)
#define __DEC32_SUBNORMAL_MIN__ 0.000001E-95DF
#define __INT_FAST16_MAX__ 0x7fffffffffffffffL
#define __FLT64_DIG__ 15
#define __UINT_FAST32_MAX__ 0xffffffffffffffffUL
#define __UINT_LEAST64_TYPE__ long unsigned int
#define __FLT_HAS_QUIET_NAN__ 1
#define __FLT_MAX_10_EXP__ 38
#define __LONG_MAX__ 0x7fffffffffffffffL
#define __FLT64X_HAS_DENORM__ 1
#define __DEC128_SUBNORMAL_MIN__ 0.000000000000000000000000000000001E-6143DL
#define __FLT_HAS_INFINITY__ 1
#define __UINT_FAST16_TYPE__ long unsigned int
#define __DEC64_MAX__ 9.999999999999999E384DD
#define __INT_FAST32_WIDTH__ 64
#define __CHAR16_TYPE__ short unsigned int
#define __PRAGMA_REDEFINE_EXTNAME 1
#define __SIZE_WIDTH__ 64
#define __SEG_FS 1
#define __INT_LEAST16_MAX__ 0x7fff
#define __DEC64_MANT_DIG__ 16
#define __INT64_MAX__ 0x7fffffffffffffffL
#define __UINT_LEAST32_MAX__ 0xffffffffU
#define __SEG_GS 1
#define __FLT32_DENORM_MIN__ 1.40129846432481707092372958328991613e-45F32
#define __GCC_ATOMIC_LONG_LOCK_FREE 2
#define __SIG_ATOMIC_WIDTH__ 32
#define __INT_LEAST64_TYPE__ long int
#define __INT16_TYPE__ short int
#define __INT_LEAST8_TYPE__ signed char
#define __STDC_VERSION__ 201112L
#define __DEC32_MAX_EXP__ 97
#define __INT_FAST8_MAX__ 0x7f
#define __FLT128_MAX__ 1.18973149535723176508575932662800702e+4932F128
#define __INTPTR_MAX__ 0x7fffffffffffffffL
#define linux 1
#define __FLT64_HAS_QUIET_NAN__ 1
#define __FLT32_MIN_10_EXP__ (-37)
#define __SSE2__ 1
#define __FLT32X_DIG__ 15
#define __LDBL_MANT_DIG__ 64
#define __DBL_HAS_QUIET_NAN__ 1
#define __FLT64_HAS_INFINITY__ 1
#define __FLT64X_MAX__ 1.18973149535723176502126385303097021e+4932F64x
#define __SIG_ATOMIC_MIN__ (-__SIG_ATOMIC_MAX__ - 1)
#define __code_model_small__ 1
#define __k8__ 1
#define __INTPTR_TYPE__ long int
#define __UINT16_TYPE__ short unsigned int
#define __WCHAR_TYPE__ int
#define __SIZEOF_FLOAT__ 4
#define __pic__ 2
#define __UINTPTR_MAX__ 0xffffffffffffffffUL
#define __INT_FAST64_WIDTH__ 64
#define __DEC64_MIN_EXP__ (-382)
#define __FLT32_DECIMAL_DIG__ 9
#define __INT_FAST64_MAX__ 0x7fffffffffffffffL
#define __GCC_ATOMIC_TEST_AND_SET_TRUEVAL 1
#define __FLT_DIG__ 6
#define __FLT32_HAS_INFINITY__ 1
#define __FLT64X_MAX_EXP__ 16384
#define __UINT_FAST64_TYPE__ long unsigned int
#define __INT_MAX__ 0x7fffffff
#define __amd64__ 1
#define __INT64_TYPE__ long int
#define __FLT_MAX_EXP__ 128
#define __ORDER_BIG_ENDIAN__ 4321
#define __DBL_MANT_DIG__ 53
#define __SIZEOF_FLOAT128__ 16
#define __INT_LEAST64_MAX__ 0x7fffffffffffffffL
#define __GCC_ATOMIC_CHAR16_T_LOCK_FREE 2
#define __DEC64_MIN__ 1E-383DD
#define __WINT_TYPE__ unsigned int
#define __UINT_LEAST32_TYPE__ unsigned int
#define __SIZEOF_SHORT__ 2
#define __SSE__ 1
#define __LDBL_MIN_EXP__ (-16381)
#define __FLT64_MAX__ 1.79769313486231570814527423731704357e+308F64
#define __WINT_WIDTH__ 32
#define __INT_LEAST8_MAX__ 0x7f
#define __FLT32X_MAX_10_EXP__ 308
#define __SIZEOF_INT128__ 16
#define __LDBL_MAX_10_EXP__ 4932
#define __ATOMIC_RELAXED 0
#define __DBL_EPSILON__ ((double)2.22044604925031308084726333618164062e-16L)
#define __FLT128_MIN__ 3.36210314311209350626267781732175260e-4932F128
#define _LP64 1
#define __UINT8_C(c) c
#define __FLT64_MAX_EXP__ 1024
#define __INT_LEAST32_TYPE__ int
#define __SIZEOF_WCHAR_T__ 4
#define __UINT64_TYPE__ long unsigned int
#define __FLT128_HAS_QUIET_NAN__ 1
#define __INT_FAST8_TYPE__ signed char
#define __FLT64X_MIN__ 3.36210314311209350626267781732175260e-4932F64x
#define __GNUC_STDC_INLINE__ 1
#define __FLT64_HAS_DENORM__ 1
#define __FLT32_EPSILON__ 1.19209289550781250000000000000000000e-7F32
#define __DBL_DECIMAL_DIG__ 17
#define __STDC_UTF_32__ 1
#define __INT_FAST8_WIDTH__ 8
#define __FXSR__ 1
#define __DEC_EVAL_METHOD__ 2
#define __FLT32X_MAX__ 1.79769313486231570814527423731704357e+308F32x
#define __UINT32_C(c) c ## U
#define __INTMAX_MAX__ 0x7fffffffffffffffL
#define __BYTE_ORDER__ __ORDER_LITTLE_ENDIAN__
#define __FLT_DENORM_MIN__ 1.40129846432481707092372958328991613e-45F
#define __INT8_MAX__ 0x7f
#define __LONG_WIDTH__ 64
#define __PIC__ 2
#define __UINT_FAST32_TYPE__ long unsigned int
#define __CHAR32_TYPE__ unsigned int
#define __FLT_MAX__ 3.40282346638528859811704183484516925e+38F
#define __INT32_TYPE__ int
#define __SIZEOF_DOUBLE__ 8
#define __FLT_MIN_10_EXP__ (-37)
#define __FLT64_MIN__ 2.22507385850720138309023271733240406e-308F64
#define __INT_LEAST32_WIDTH__ 32
#define __INTMAX_TYPE__ long int
#define __DEC128_MAX_EXP__ 6145
#define __FLT32X_HAS_QUIET_NAN__ 1
#define __ATOMIC_CONSUME 1
#define __GNUC_MINOR__ 5
#define __INT_FAST16_WIDTH__ 64
#define __UINTMAX_MAX__ 0xffffffffffffffffUL
#define __DEC32_MANT_DIG__ 7
#define __FLT32X_DENORM_MIN__ 4.94065645841246544176568792868221372e-324F32x
#define __DBL_MAX_10_EXP__ 308
#define __LDBL_DENORM_MIN__ 3.64519953188247460252840593361941982e-4951L
#define __INT16_C(c) c
#define __STDC__ 1
#define __PTRDIFF_TYPE__ long int
#define __ATOMIC_SEQ_CST 5
#define __UINT32_TYPE__ unsigned int
#define __FLT32X_MIN_10_EXP__ (-307)
#define __UINTPTR_TYPE__ long unsigned int
#define __DEC64_SUBNORMAL_MIN__ 0.000000000000001E-383DD
#define __DEC128_MANT_DIG__ 34
#define __LDBL_MIN_10_EXP__ (-4931)
#define __FLT128_EPSILON__ 1.92592994438723585305597794258492732e-34F128
#define __SIZEOF_LONG_LONG__ 8
#define __FLT128_DECIMAL_DIG__ 36
#define __GCC_ATOMIC_LLONG_LOCK_FREE 2
#define __FLT32X_MIN__ 2.22507385850720138309023271733240406e-308F32x
#define __LDBL_DIG__ 18
#define __FLT_DECIMAL_DIG__ 9
#define __UINT_FAST16_MAX__ 0xffffffffffffffffUL
#define __GCC_ATOMIC_SHORT_LOCK_FREE 2
#define __INT_LEAST64_WIDTH__ 64
#define __UINT_FAST8_TYPE__ unsigned char
#define __ATOMIC_ACQ_REL 4
#define __ATOMIC_RELEASE 3

(tool ar is already loaded, skipping)
/usr/bin/g++
------------------------------------------------------
Checking for compilation flag -Wl,--soname=foo support
==>
int main() { return 0; }
<==
[1/1] Compiling [32mbuild/.conf_check_891c310a2c656730db79124c5e31108d/test.cpp[0m

['/usr/bin/g++', '-Wno-error', '-Wl,--soname=foo', '-DNS3_BUILD_PROFILE_DEBUG', '-DNS3_ASSERT_ENABLE', '-DNS3_LOG_ENABLE', '../test.cpp', '-c', '-o', '/home/hanfeixue/ns3/MultiEnv/build/.conf_check_891c310a2c656730db79124c5e31108d/testbuild/test.cpp.1.o']
ok
------------------------------------------------------
Checking for compilation flag -std=c++11 support
==>
int main() { return 0; }
<==
[1/1] Compiling [32mbuild/.conf_check_891c310a2c656730db79124c5e31108d/test.cpp[0m

['/usr/bin/g++', '-Wno-error', '-std=c++11', '-DNS3_BUILD_PROFILE_DEBUG', '-DNS3_ASSERT_ENABLE', '-DNS3_LOG_ENABLE', '../test.cpp', '-c', '-o', '/home/hanfeixue/ns3/MultiEnv/build/.conf_check_891c310a2c656730db79124c5e31108d/testbuild/test.cpp.1.o']
ok
------------------------------------------------------
Checking for program 'python'
/opt/miniconda3/bin/python
find program=['python'] paths=['/opt/miniconda3/bin', '/opt/miniconda3/condabin', '/usr/local/sbin', '/usr/local/bin', '/usr/sbin', '/usr/bin', '/sbin', '/bin', '/usr/games', '/usr/local/games', '/snap/bin'] var='PYTHON' -> ['/opt/miniconda3/bin/python']
['/opt/miniconda3/bin/python', '-c', 'import imp;print(imp.get_tag())']
out: cpython-37

err: -c:1: DeprecationWarning: the imp module is deprecated in favour of importlib; see the module's documentation for alternative uses

['/opt/miniconda3/bin/python', '-c', 'import sys\nfor x in sys.version_info: print(str(x))']
out: 3
7
5
final
0

['/opt/miniconda3/bin/python', '-c', "from distutils.sysconfig import get_config_var, get_python_lib\n\nprint(repr(get_python_lib(standard_lib=0, prefix='/usr/local') or ''))"]
out: '/usr/local/lib/python3.7/site-packages'

'/usr/local/lib/python3.7/site-packages'

['/opt/miniconda3/bin/python', '-c', "from distutils.sysconfig import get_config_var, get_python_lib\n\nprint(repr(get_python_lib(plat_specific=1, standard_lib=0, prefix='/usr/local') or ''))"]
out: '/usr/local/lib/python3.7/site-packages'

'/usr/local/lib/python3.7/site-packages'

------------------------------------------------------
Checking for python version
(3, 7, 5, 'final', 0)
['/opt/miniconda3/bin/python', '-c', "from distutils.sysconfig import get_config_var, get_python_lib\n\nprint(repr(get_config_var('prefix') or ''))\nprint(repr(get_config_var('SO') or ''))\nprint(repr(get_config_var('LDFLAGS') or ''))\nprint(repr(get_config_var('LIBDIR') or ''))\nprint(repr(get_config_var('LIBPL') or ''))\nprint(repr(get_config_var('INCLUDEPY') or ''))\nprint(repr(get_config_var('Py_ENABLE_SHARED') or ''))\nprint(repr(get_config_var('MACOSX_DEPLOYMENT_TARGET') or ''))\nprint(repr(get_config_var('LDSHARED') or ''))\nprint(repr(get_config_var('CFLAGS') or ''))\nprint(repr(get_config_var('LDVERSION') or ''))"]
out: '/opt/miniconda3'
'.cpython-37m-x86_64-linux-gnu.so'
'-L/opt/miniconda3/lib -Wl,-rpath=/opt/miniconda3/lib -Wl,--no-as-needed -Wl,--sysroot=/'
'/opt/miniconda3/lib'
'/opt/miniconda3/lib/python3.7/config-3.7m-x86_64-linux-gnu'
'/opt/miniconda3/include/python3.7m'
''
''
'gcc -pthread -shared -B /opt/miniconda3/compiler_compat -L/opt/miniconda3/lib -Wl,-rpath=/opt/miniconda3/lib -Wl,--no-as-needed -Wl,--sysroot=/'
'-Wsign-compare -DNDEBUG -g -fwrapv -O3 -Wall -Wstrict-prototypes'
'3.7m'

err: -c:4: DeprecationWarning: SO is deprecated, use EXT_SUFFIX

'/opt/miniconda3'
'.cpython-37m-x86_64-linux-gnu.so'
'-L/opt/miniconda3/lib -Wl,-rpath=/opt/miniconda3/lib -Wl,--no-as-needed -Wl,--sysroot=/'
'/opt/miniconda3/lib'
'/opt/miniconda3/lib/python3.7/config-3.7m-x86_64-linux-gnu'
'/opt/miniconda3/include/python3.7m'
''
''
'gcc -pthread -shared -B /opt/miniconda3/compiler_compat -L/opt/miniconda3/lib -Wl,-rpath=/opt/miniconda3/lib -Wl,--no-as-needed -Wl,--sysroot=/'
'-Wsign-compare -DNDEBUG -g -fwrapv -O3 -Wall -Wstrict-prototypes'
'3.7m'

Configuration returned from ['/opt/miniconda3/bin/python']:
prefix = '/opt/miniconda3'
SO = '.cpython-37m-x86_64-linux-gnu.so'
LDFLAGS = '-L/opt/miniconda3/lib -Wl,-rpath=/opt/miniconda3/lib -Wl,--no-as-needed -Wl,--sysroot=/'
LIBDIR = '/opt/miniconda3/lib'
LIBPL = '/opt/miniconda3/lib/python3.7/config-3.7m-x86_64-linux-gnu'
INCLUDEPY = '/opt/miniconda3/include/python3.7m'
Py_ENABLE_SHARED = ''
MACOSX_DEPLOYMENT_TARGET = ''
LDSHARED = 'gcc -pthread -shared -B /opt/miniconda3/compiler_compat -L/opt/miniconda3/lib -Wl,-rpath=/opt/miniconda3/lib -Wl,--no-as-needed -Wl,--sysroot=/'
CFLAGS = '-Wsign-compare -DNDEBUG -g -fwrapv -O3 -Wall -Wstrict-prototypes'
LDVERSION = '3.7m'

------------------------------------------------------
python-config
/opt/miniconda3/bin/python3.7-config
find program=['/opt/miniconda3/bin/python-config', 'python3.7-config', 'python-config-3.7', 'python3.7m-config'] paths=['/opt/miniconda3/bin', '/opt/miniconda3/condabin', '/usr/local/sbin', '/usr/local/bin', '/usr/sbin', '/usr/bin', '/sbin', '/bin', '/usr/games', '/usr/local/games', '/snap/bin'] var='PYTHON_CONFIG' -> ['/opt/miniconda3/bin/python3.7-config']
------------------------------------------------------------------
Asking python-config for pyembed '--cflags --libs --ldflags' flags
['/opt/miniconda3/bin/python3.7-config', '--cflags', '--libs', '--ldflags']
out: -I/opt/miniconda3/include/python3.7m -I/opt/miniconda3/include/python3.7m  -Wno-unused-result -Wsign-compare -march=nocona -mtune=haswell -ftree-vectorize -fPIC -fstack-protector-strong -fno-plt -O3 -ffunction-sections -pipe  -fdebug-prefix-map=/tmp/build/80754af9/python_1572016129546/work=/usr/local/src/conda/python-3.7.5 -fdebug-prefix-map=/opt/miniconda3=/usr/local/src/conda-prefix -fuse-linker-plugin -ffat-lto-objects -flto-partition=none -flto -DNDEBUG -fwrapv -O3 -Wall
-lpython3.7m -lcrypt -lpthread -ldl  -lutil -lrt -lm 
-L/opt/miniconda3/lib/python3.7/config-3.7m-x86_64-linux-gnu -L/opt/miniconda3/lib -lpython3.7m -lcrypt -lpthread -ldl  -lutil -lrt -lm 

yes
------------------------------------------------------------------
Testing pyembed configuration
==>

#include <Python.h>
#ifdef __cplusplus
extern "C" {
#endif
	void Py_Initialize(void);
	void Py_Finalize(void);
#ifdef __cplusplus
}
#endif
int main(int argc, char **argv)
{
   (void)argc; (void)argv;
   Py_Initialize();
   Py_Finalize();
   return 0;
}

<==
[1/2] Compiling [32mbuild/.conf_check_9a4366fb1ecdf38e4ff3159f02c3b8b8/test.cpp[0m

['/usr/bin/g++', '-Wno-error', '-std=c++11', '-march=nocona', '-mtune=haswell', '-ftree-vectorize', '-fPIC', '-fstack-protector-strong', '-fno-plt', '-ffunction-sections', '-fdebug-prefix-map=/tmp/build/80754af9/python_1572016129546/work=/usr/local/src/conda/python-3.7.5', '-fdebug-prefix-map=/opt/miniconda3=/usr/local/src/conda-prefix', '-fuse-linker-plugin', '-ffat-lto-objects', '-flto-partition=none', '-flto', '-fwrapv', '-I/opt/miniconda3/include/python3.7m', '-DNS3_BUILD_PROFILE_DEBUG', '-DNS3_ASSERT_ENABLE', '-DNS3_LOG_ENABLE', '-DPYTHONDIR="/usr/local/lib/python3.7/site-packages"', '-DPYTHONARCHDIR="/usr/local/lib/python3.7/site-packages"', '-DHAVE_PYEMBED=1', '-DNDEBUG', '../test.cpp', '-c', '-o', '/home/hanfeixue/ns3/MultiEnv/build/.conf_check_9a4366fb1ecdf38e4ff3159f02c3b8b8/testbuild/test.cpp.1.o']
[2/2] Linking [33mbuild/.conf_check_9a4366fb1ecdf38e4ff3159f02c3b8b8/testbuild/testprog[0m

['/usr/bin/g++', 'test.cpp.1.o', '-o', '/home/hanfeixue/ns3/MultiEnv/build/.conf_check_9a4366fb1ecdf38e4ff3159f02c3b8b8/testbuild/testprog', '-Wl,-Bstatic', '-Wl,-Bdynamic', '-L/opt/miniconda3/lib/python3.7/config-3.7m-x86_64-linux-gnu', '-L/opt/miniconda3/lib', '-lpython3.7m', '-lcrypt', '-lpthread', '-ldl', '-lutil', '-lrt', '-lm']
err: lto1: fatal error: bytecode stream in file ‘/opt/miniconda3/lib/python3.7/config-3.7m-x86_64-linux-gnu/libpython3.7m.a’ generated with LTO version 6.0 instead of the expected 6.2
compilation terminated.
lto-wrapper: fatal error: /usr/bin/g++ returned 1 exit status
compilation terminated.
/usr/bin/ld: error: lto-wrapper failed
collect2: error: ld returned 1 exit status

from /home/hanfeixue/ns3/MultiEnv/bindings/python: Test does not build: Traceback (most recent call last):
  File "/home/hanfeixue/ns3/MultiEnv/.waf3-1.8.19-b1fc8f7baef51bd2db4c2971909a568d/waflib/Configure.py", line 335, in run_build
    bld.compile()
  File "/home/hanfeixue/ns3/MultiEnv/.waf3-1.8.19-b1fc8f7baef51bd2db4c2971909a568d/waflib/Build.py", line 185, in compile
    raise Errors.BuildError(self.producer.error)
waflib.Errors.BuildError: Build failed
 -> task in 'testprog' failed (exit status 1): 
	{task 139956794779344: cxxprogram test.cpp.1.o -> testprog}
['/usr/bin/g++', 'test.cpp.1.o', '-o', '/home/hanfeixue/ns3/MultiEnv/build/.conf_check_9a4366fb1ecdf38e4ff3159f02c3b8b8/testbuild/testprog', '-Wl,-Bstatic', '-Wl,-Bdynamic', '-L/opt/miniconda3/lib/python3.7/config-3.7m-x86_64-linux-gnu', '-L/opt/miniconda3/lib', '-lpython3.7m', '-lcrypt', '-lpthread', '-ldl', '-lutil', '-lrt', '-lm']

Could not build a python embedded interpreter
from /home/hanfeixue/ns3/MultiEnv/bindings/python: The configuration failed
------------------------------------------------------------------
Checking boost includes
1_65_1
------------------------------------------------------------------
Checking boost libs
Found the boost path in /usr/lib/x86_64-linux-gnu with the libraries:
    /usr/lib/x86_64-linux-gnu/libboost_atomic.a
    /usr/lib/x86_64-linux-gnu/libboost_atomic.so
    /usr/lib/x86_64-linux-gnu/libboost_atomic.so.1.65.1
    /usr/lib/x86_64-linux-gnu/libboost_chrono.a
    /usr/lib/x86_64-linux-gnu/libboost_chrono.so
    /usr/lib/x86_64-linux-gnu/libboost_chrono.so.1.65.1
    /usr/lib/x86_64-linux-gnu/libboost_container.a
    /usr/lib/x86_64-linux-gnu/libboost_container.so
    /usr/lib/x86_64-linux-gnu/libboost_container.so.1.65.1
    /usr/lib/x86_64-linux-gnu/libboost_context.a
    /usr/lib/x86_64-linux-gnu/libboost_context.so
    /usr/lib/x86_64-linux-gnu/libboost_context.so.1.65.1
    /usr/lib/x86_64-linux-gnu/libboost_coroutine.a
    /usr/lib/x86_64-linux-gnu/libboost_coroutine.so
    /usr/lib/x86_64-linux-gnu/libboost_coroutine.so.1.65.1
    /usr/lib/x86_64-linux-gnu/libboost_date_time.a
    /usr/lib/x86_64-linux-gnu/libboost_date_time.so
    /usr/lib/x86_64-linux-gnu/libboost_date_time.so.1.65.1
    /usr/lib/x86_64-linux-gnu/libboost_exception.a
    /usr/lib/x86_64-linux-gnu/libboost_fiber.a
    /usr/lib/x86_64-linux-gnu/libboost_fiber.so
    /usr/lib/x86_64-linux-gnu/libboost_fiber.so.1.65.1
    /usr/lib/x86_64-linux-gnu/libboost_filesystem.a
    /usr/lib/x86_64-linux-gnu/libboost_filesystem.so
    /usr/lib/x86_64-linux-gnu/libboost_filesystem.so.1.65.1
    /usr/lib/x86_64-linux-gnu/libboost_graph.a
    /usr/lib/x86_64-linux-gnu/libboost_graph.so
    /usr/lib/x86_64-linux-gnu/libboost_graph.so.1.65.1
    /usr/lib/x86_64-linux-gnu/libboost_graph_parallel.a
    /usr/lib/x86_64-linux-gnu/libboost_graph_parallel.so
    /usr/lib/x86_64-linux-gnu/libboost_graph_parallel.so.1.65.1
    /usr/lib/x86_64-linux-gnu/libboost_iostreams.a
    /usr/lib/x86_64-linux-gnu/libboost_iostreams.so
    /usr/lib/x86_64-linux-gnu/libboost_iostreams.so.1.65.1
    /usr/lib/x86_64-linux-gnu/libboost_locale.a
    /usr/lib/x86_64-linux-gnu/libboost_locale.so
    /usr/lib/x86_64-linux-gnu/libboost_locale.so.1.65.1
    /usr/lib/x86_64-linux-gnu/libboost_log.a
    /usr/lib/x86_64-linux-gnu/libboost_log.so
    /usr/lib/x86_64-linux-gnu/libboost_log.so.1.65.1
    /usr/lib/x86_64-linux-gnu/libboost_log_setup.a
    /usr/lib/x86_64-linux-gnu/libboost_log_setup.so
    /usr/lib/x86_64-linux-gnu/libboost_log_setup.so.1.65.1
    /usr/lib/x86_64-linux-gnu/libboost_math_c99.a
    /usr/lib/x86_64-linux-gnu/libboost_math_c99.so
    /usr/lib/x86_64-linux-gnu/libboost_math_c99.so.1.65.1
    /usr/lib/x86_64-linux-gnu/libboost_math_c99f.a
    /usr/lib/x86_64-linux-gnu/libboost_math_c99f.so
    /usr/lib/x86_64-linux-gnu/libboost_math_c99f.so.1.65.1
    /usr/lib/x86_64-linux-gnu/libboost_math_c99l.a
    /usr/lib/x86_64-linux-gnu/libboost_math_c99l.so
    /usr/lib/x86_64-linux-gnu/libboost_math_c99l.so.1.65.1
    /usr/lib/x86_64-linux-gnu/libboost_math_tr1.a
    /usr/lib/x86_64-linux-gnu/libboost_math_tr1.so
    /usr/lib/x86_64-linux-gnu/libboost_math_tr1.so.1.65.1
    /usr/lib/x86_64-linux-gnu/libboost_math_tr1f.a
    /usr/lib/x86_64-linux-gnu/libboost_math_tr1f.so
    /usr/lib/x86_64-linux-gnu/libboost_math_tr1f.so.1.65.1
    /usr/lib/x86_64-linux-gnu/libboost_math_tr1l.a
    /usr/lib/x86_64-linux-gnu/libboost_math_tr1l.so
    /usr/lib/x86_64-linux-gnu/libboost_math_tr1l.so.1.65.1
    /usr/lib/x86_64-linux-gnu/libboost_mpi.a
    /usr/lib/x86_64-linux-gnu/libboost_mpi.so
    /usr/lib/x86_64-linux-gnu/libboost_mpi.so.1.65.1
    /usr/lib/x86_64-linux-gnu/libboost_mpi_python-py27.a
    /usr/lib/x86_64-linux-gnu/libboost_mpi_python-py27.so
    /usr/lib/x86_64-linux-gnu/libboost_mpi_python-py27.so.1.65.1
    /usr/lib/x86_64-linux-gnu/libboost_mpi_python-py36.a
    /usr/lib/x86_64-linux-gnu/libboost_mpi_python-py36.so
    /usr/lib/x86_64-linux-gnu/libboost_mpi_python.a
    /usr/lib/x86_64-linux-gnu/libboost_mpi_python.so
    /usr/lib/x86_64-linux-gnu/libboost_mpi_python3-py36.a
    /usr/lib/x86_64-linux-gnu/libboost_mpi_python3-py36.so
    /usr/lib/x86_64-linux-gnu/libboost_mpi_python3-py36.so.1.65.1
    /usr/lib/x86_64-linux-gnu/libboost_mpi_python3.a
    /usr/lib/x86_64-linux-gnu/libboost_mpi_python3.so
    /usr/lib/x86_64-linux-gnu/libboost_numpy-py27.a
    /usr/lib/x86_64-linux-gnu/libboost_numpy-py27.so
    /usr/lib/x86_64-linux-gnu/libboost_numpy-py27.so.1.65.1
    /usr/lib/x86_64-linux-gnu/libboost_numpy.a
    /usr/lib/x86_64-linux-gnu/libboost_numpy.so
    /usr/lib/x86_64-linux-gnu/libboost_numpy3-py36.a
    /usr/lib/x86_64-linux-gnu/libboost_numpy3-py36.so
    /usr/lib/x86_64-linux-gnu/libboost_numpy3-py36.so.1.65.1
    /usr/lib/x86_64-linux-gnu/libboost_numpy3.a
    /usr/lib/x86_64-linux-gnu/libboost_numpy3.so
    /usr/lib/x86_64-linux-gnu/libboost_prg_exec_monitor.a
    /usr/lib/x86_64-linux-gnu/libboost_prg_exec_monitor.so
    /usr/lib/x86_64-linux-gnu/libboost_prg_exec_monitor.so.1.65.1
    /usr/lib/x86_64-linux-gnu/libboost_program_options.a
    /usr/lib/x86_64-linux-gnu/libboost_program_options.so
    /usr/lib/x86_64-linux-gnu/libboost_program_options.so.1.65.1
    /usr/lib/x86_64-linux-gnu/libboost_python-py27.a
    /usr/lib/x86_64-linux-gnu/libboost_python-py27.so
    /usr/lib/x86_64-linux-gnu/libboost_python-py27.so.1.65.1
    /usr/lib/x86_64-linux-gnu/libboost_python-py36.a
    /usr/lib/x86_64-linux-gnu/libboost_python-py36.so
    /usr/lib/x86_64-linux-gnu/libboost_python.a
    /usr/lib/x86_64-linux-gnu/libboost_python.so
    /usr/lib/x86_64-linux-gnu/libboost_python3-py36.a
    /usr/lib/x86_64-linux-gnu/libboost_python3-py36.so
    /usr/lib/x86_64-linux-gnu/libboost_python3-py36.so.1.65.1
    /usr/lib/x86_64-linux-gnu/libboost_python3.a
    /usr/lib/x86_64-linux-gnu/libboost_python3.so
    /usr/lib/x86_64-linux-gnu/libboost_random.a
    /usr/lib/x86_64-linux-gnu/libboost_random.so
    /usr/lib/x86_64-linux-gnu/libboost_random.so.1.65.1
    /usr/lib/x86_64-linux-gnu/libboost_regex.a
    /usr/lib/x86_64-linux-gnu/libboost_regex.so
    /usr/lib/x86_64-linux-gnu/libboost_regex.so.1.65.1
    /usr/lib/x86_64-linux-gnu/libboost_serialization.a
    /usr/lib/x86_64-linux-gnu/libboost_serialization.so
    /usr/lib/x86_64-linux-gnu/libboost_serialization.so.1.65.1
    /usr/lib/x86_64-linux-gnu/libboost_signals.a
    /usr/lib/x86_64-linux-gnu/libboost_signals.so
    /usr/lib/x86_64-linux-gnu/libboost_signals.so.1.65.1
    /usr/lib/x86_64-linux-gnu/libboost_stacktrace_addr2line.a
    /usr/lib/x86_64-linux-gnu/libboost_stacktrace_addr2line.so
    /usr/lib/x86_64-linux-gnu/libboost_stacktrace_addr2line.so.1.65.1
    /usr/lib/x86_64-linux-gnu/libboost_stacktrace_backtrace.a
    /usr/lib/x86_64-linux-gnu/libboost_stacktrace_backtrace.so
    /usr/lib/x86_64-linux-gnu/libboost_stacktrace_backtrace.so.1.65.1
    /usr/lib/x86_64-linux-gnu/libboost_stacktrace_basic.a
    /usr/lib/x86_64-linux-gnu/libboost_stacktrace_basic.so
    /usr/lib/x86_64-linux-gnu/libboost_stacktrace_basic.so.1.65.1
    /usr/lib/x86_64-linux-gnu/libboost_stacktrace_noop.a
    /usr/lib/x86_64-linux-gnu/libboost_stacktrace_noop.so
    /usr/lib/x86_64-linux-gnu/libboost_stacktrace_noop.so.1.65.1
    /usr/lib/x86_64-linux-gnu/libboost_system.a
    /usr/lib/x86_64-linux-gnu/libboost_system.so
    /usr/lib/x86_64-linux-gnu/libboost_system.so.1.65.1
    /usr/lib/x86_64-linux-gnu/libboost_test_exec_monitor.a
    /usr/lib/x86_64-linux-gnu/libboost_thread.a
    /usr/lib/x86_64-linux-gnu/libboost_thread.so
    /usr/lib/x86_64-linux-gnu/libboost_thread.so.1.65.1
    /usr/lib/x86_64-linux-gnu/libboost_timer.a
    /usr/lib/x86_64-linux-gnu/libboost_timer.so
    /usr/lib/x86_64-linux-gnu/libboost_timer.so.1.65.1
    /usr/lib/x86_64-linux-gnu/libboost_type_erasure.a
    /usr/lib/x86_64-linux-gnu/libboost_type_erasure.so
    /usr/lib/x86_64-linux-gnu/libboost_type_erasure.so.1.65.1
    /usr/lib/x86_64-linux-gnu/libboost_unit_test_framework.a
    /usr/lib/x86_64-linux-gnu/libboost_unit_test_framework.so
    /usr/lib/x86_64-linux-gnu/libboost_unit_test_framework.so.1.65.1
    /usr/lib/x86_64-linux-gnu/libboost_wave.a
    /usr/lib/x86_64-linux-gnu/libboost_wave.so
    /usr/lib/x86_64-linux-gnu/libboost_wave.so.1.65.1
    /usr/lib/x86_64-linux-gnu/libboost_wserialization.a
    /usr/lib/x86_64-linux-gnu/libboost_wserialization.so
    /usr/lib/x86_64-linux-gnu/libboost_wserialization.so.1.65.1
Trying pattern boost_system(-gcc[0-9]{0,3})-1_65_1.so$
Trying pattern boost_system-1_65_1.so$
Trying pattern boost_system(-gcc[0-9]{0,3}).so$
Trying pattern boost_system.so$
Found boost lib libboost_system.so
Trying pattern boost_signals(-gcc[0-9]{0,3})-1_65_1.so$
Trying pattern boost_signals-1_65_1.so$
Trying pattern boost_signals(-gcc[0-9]{0,3}).so$
Trying pattern boost_signals.so$
Found boost lib libboost_signals.so
Trying pattern boost_filesystem(-gcc[0-9]{0,3})-1_65_1.so$
Trying pattern boost_filesystem-1_65_1.so$
Trying pattern boost_filesystem(-gcc[0-9]{0,3}).so$
Trying pattern boost_filesystem.so$
Found boost lib libboost_filesystem.so
ok
------------------------------------------------------------------
Checking for boost linkage
==>

#include <boost/system/error_code.hpp>
int main() { boost::system::error_code c; }

<==
[1/2] Compiling [32mbuild/.conf_check_f931c58d2532ca9944ad2e4e53078fb7/test.cpp[0m

['/usr/bin/g++', '-Wno-error', '-std=c++11', '-I/usr/include', '-DNS3_BUILD_PROFILE_DEBUG', '-DNS3_ASSERT_ENABLE', '-DNS3_LOG_ENABLE', '-DPYTHONDIR="/usr/local/lib/python3.7/site-packages"', '-DPYTHONARCHDIR="/usr/local/lib/python3.7/site-packages"', '../test.cpp', '-c', '-o', '/home/hanfeixue/ns3/MultiEnv/build/.conf_check_f931c58d2532ca9944ad2e4e53078fb7/testbuild/test.cpp.1.o']
[2/2] Linking [33mbuild/.conf_check_f931c58d2532ca9944ad2e4e53078fb7/testbuild/testprog[0m

['/usr/bin/g++', 'test.cpp.1.o', '-o', '/home/hanfeixue/ns3/MultiEnv/build/.conf_check_f931c58d2532ca9944ad2e4e53078fb7/testbuild/testprog', '-Wl,-Bstatic', '-L/usr/lib/x86_64-linux-gnu', '-Wl,-Bdynamic', '-L/usr/lib/x86_64-linux-gnu', '-lboost_system', '-lboost_signals', '-lboost_filesystem']
ok
------------------------------------------------------------------
Checking for click location
not found
------------------------------------------------------------------
Checking for program 'pkg-config'
/usr/bin/pkg-config
find program=['pkg-config'] paths=['/opt/miniconda3/bin', '/opt/miniconda3/condabin', '/usr/local/sbin', '/usr/local/bin', '/usr/sbin', '/usr/bin', '/sbin', '/bin', '/usr/games', '/usr/local/games', '/snap/bin'] var='PKGCONFIG' -> ['/usr/bin/pkg-config']
------------------------------------------------------------------
Checking for 'gtk+-2.0' >= 2.12
['/usr/bin/pkg-config', '--atleast-version=2.12', 'gtk+-2.0']
['/usr/bin/pkg-config', '--cflags', '--libs', 'gtk+-2.0']
out: -pthread -I/usr/include/gtk-2.0 -I/usr/lib/x86_64-linux-gnu/gtk-2.0/include -I/usr/include/gio-unix-2.0/ -I/usr/include/cairo -I/usr/include/pango-1.0 -I/usr/include/atk-1.0 -I/usr/include/cairo -I/usr/include/pixman-1 -I/usr/include/gdk-pixbuf-2.0 -I/usr/include/libpng16 -I/usr/include/pango-1.0 -I/usr/include/harfbuzz -I/usr/include/pango-1.0 -I/usr/include/glib-2.0 -I/usr/lib/x86_64-linux-gnu/glib-2.0/include -I/usr/include/freetype2 -I/usr/include/libpng16 -I/usr/include/freetype2 -I/usr/include/libpng16 -lgtk-x11-2.0 -lgdk-x11-2.0 -lpangocairo-1.0 -latk-1.0 -lcairo -lgdk_pixbuf-2.0 -lgio-2.0 -lpangoft2-1.0 -lpango-1.0 -lgobject-2.0 -lglib-2.0 -lfontconfig -lfreetype

yes
------------------------------------------------------------------
Checking for 'libxml-2.0' >= 2.7
['/usr/bin/pkg-config', '--atleast-version=2.7', 'libxml-2.0']
['/usr/bin/pkg-config', '--cflags', '--libs', 'libxml-2.0']
out: -I/usr/include/libxml2 -lxml2

yes
------------------------------------------------------------------
Checking for type uint128_t
==>
#include <stdint.h>

int main(int argc, char **argv) {
	(void)argc; (void)argv;
	if ((uint128_t *) 0) return 0;
	if (sizeof (uint128_t)) return 0;
	return 1;
}

<==
[1/2] Compiling [32mbuild/.conf_check_e60371d6434fe12941ceea55a132f7f8/test.cpp[0m

['/usr/bin/g++', '-Wno-error', '-std=c++11', '-DNS3_BUILD_PROFILE_DEBUG', '-DNS3_ASSERT_ENABLE', '-DNS3_LOG_ENABLE', '../test.cpp', '-c', '-o', '/home/hanfeixue/ns3/MultiEnv/build/.conf_check_e60371d6434fe12941ceea55a132f7f8/testbuild/test.cpp.1.o']
err: ../test.cpp: In function ‘int main(int, char**)’:
../test.cpp:5:7: error: ‘uint128_t’ was not declared in this scope
  if ((uint128_t *) 0) return 0;
       ^~~~~~~~~
../test.cpp:5:7: note: suggested alternative: ‘uint32_t’
  if ((uint128_t *) 0) return 0;
       ^~~~~~~~~
       uint32_t
../test.cpp:5:18: error: expected primary-expression before ‘)’ token
  if ((uint128_t *) 0) return 0;
                  ^
../test.cpp:5:20: error: expected ‘)’ before numeric constant
  if ((uint128_t *) 0) return 0;
                    ^
../test.cpp:6:14: error: ‘uint128_t’ was not declared in this scope
  if (sizeof (uint128_t)) return 0;
              ^~~~~~~~~
../test.cpp:6:14: note: suggested alternative: ‘uint32_t’
  if (sizeof (uint128_t)) return 0;
              ^~~~~~~~~
              uint32_t

from /home/hanfeixue/ns3/MultiEnv/src/core: Test does not build: Traceback (most recent call last):
  File "/home/hanfeixue/ns3/MultiEnv/.waf3-1.8.19-b1fc8f7baef51bd2db4c2971909a568d/waflib/Configure.py", line 335, in run_build
    bld.compile()
  File "/home/hanfeixue/ns3/MultiEnv/.waf3-1.8.19-b1fc8f7baef51bd2db4c2971909a568d/waflib/Build.py", line 185, in compile
    raise Errors.BuildError(self.producer.error)
waflib.Errors.BuildError: Build failed
 -> task in 'testprog' failed (exit status 1): 
	{task 139956805517840: cxx test.cpp -> test.cpp.1.o}
['/usr/bin/g++', '-Wno-error', '-std=c++11', '-DNS3_BUILD_PROFILE_DEBUG', '-DNS3_ASSERT_ENABLE', '-DNS3_LOG_ENABLE', '../test.cpp', '-c', '-o', '/home/hanfeixue/ns3/MultiEnv/build/.conf_check_e60371d6434fe12941ceea55a132f7f8/testbuild/test.cpp.1.o']

not found
from /home/hanfeixue/ns3/MultiEnv/src/core: The configuration failed
------------------------------------------------------------------
Checking for type __uint128_t
==>
#include <stdint.h>

int main(int argc, char **argv) {
	(void)argc; (void)argv;
	if ((__uint128_t *) 0) return 0;
	if (sizeof (__uint128_t)) return 0;
	return 1;
}

<==
[1/2] Compiling [32mbuild/.conf_check_3a8d8c5abdd5216971929b4b82d2c86c/test.cpp[0m

['/usr/bin/g++', '-Wno-error', '-std=c++11', '-DNS3_BUILD_PROFILE_DEBUG', '-DNS3_ASSERT_ENABLE', '-DNS3_LOG_ENABLE', '../test.cpp', '-c', '-o', '/home/hanfeixue/ns3/MultiEnv/build/.conf_check_3a8d8c5abdd5216971929b4b82d2c86c/testbuild/test.cpp.1.o']
[2/2] Linking [33mbuild/.conf_check_3a8d8c5abdd5216971929b4b82d2c86c/testbuild/testprog[0m

['/usr/bin/g++', 'test.cpp.1.o', '-o', '/home/hanfeixue/ns3/MultiEnv/build/.conf_check_3a8d8c5abdd5216971929b4b82d2c86c/testbuild/testprog', '-Wl,-Bstatic', '-Wl,-Bdynamic']
yes
------------------------------------------------------------------
Checking high precision implementation
128-bit integer (default)
------------------------------------------------------------------
Checking for header stdint.h
==>
#include <stdint.h>

int main(int argc, char **argv) {
	(void)argc; (void)argv;
	return 0;
}

<==
[1/2] Compiling [32mbuild/.conf_check_e9ffe1c84738b2697a47c97c37fa24cd/test.cpp[0m

['/usr/bin/g++', '-Wno-error', '-std=c++11', '-DNS3_BUILD_PROFILE_DEBUG', '-DNS3_ASSERT_ENABLE', '-DNS3_LOG_ENABLE', '-DHAVE___UINT128_T=1', '-DINT64X64_USE_128=1', '../test.cpp', '-c', '-o', '/home/hanfeixue/ns3/MultiEnv/build/.conf_check_e9ffe1c84738b2697a47c97c37fa24cd/testbuild/test.cpp.1.o']
[2/2] Linking [33mbuild/.conf_check_e9ffe1c84738b2697a47c97c37fa24cd/testbuild/testprog[0m

['/usr/bin/g++', 'test.cpp.1.o', '-o', '/home/hanfeixue/ns3/MultiEnv/build/.conf_check_e9ffe1c84738b2697a47c97c37fa24cd/testbuild/testprog', '-Wl,-Bstatic', '-Wl,-Bdynamic']
yes
------------------------------------------------------------------
Checking for header inttypes.h
==>
#include <inttypes.h>

int main(int argc, char **argv) {
	(void)argc; (void)argv;
	return 0;
}

<==
[1/2] Compiling [32mbuild/.conf_check_c685555295535dc566d2d0ea10564e07/test.cpp[0m

['/usr/bin/g++', '-Wno-error', '-std=c++11', '-DNS3_BUILD_PROFILE_DEBUG', '-DNS3_ASSERT_ENABLE', '-DNS3_LOG_ENABLE', '-DHAVE___UINT128_T=1', '-DINT64X64_USE_128=1', '-DHAVE_STDINT_H=1', '../test.cpp', '-c', '-o', '/home/hanfeixue/ns3/MultiEnv/build/.conf_check_c685555295535dc566d2d0ea10564e07/testbuild/test.cpp.1.o']
[2/2] Linking [33mbuild/.conf_check_c685555295535dc566d2d0ea10564e07/testbuild/testprog[0m

['/usr/bin/g++', 'test.cpp.1.o', '-o', '/home/hanfeixue/ns3/MultiEnv/build/.conf_check_c685555295535dc566d2d0ea10564e07/testbuild/testprog', '-Wl,-Bstatic', '-Wl,-Bdynamic']
yes
------------------------------------------------------------------
Checking for header sys/inttypes.h
==>
#include <sys/inttypes.h>

int main(int argc, char **argv) {
	(void)argc; (void)argv;
	return 0;
}

<==
[1/2] Compiling [32mbuild/.conf_check_71904c631df704b4344604c3c44143a4/test.cpp[0m

['/usr/bin/g++', '-Wno-error', '-std=c++11', '-DNS3_BUILD_PROFILE_DEBUG', '-DNS3_ASSERT_ENABLE', '-DNS3_LOG_ENABLE', '-DHAVE___UINT128_T=1', '-DINT64X64_USE_128=1', '-DHAVE_STDINT_H=1', '-DHAVE_INTTYPES_H=1', '../test.cpp', '-c', '-o', '/home/hanfeixue/ns3/MultiEnv/build/.conf_check_71904c631df704b4344604c3c44143a4/testbuild/test.cpp.1.o']
err: ../test.cpp:1:10: fatal error: sys/inttypes.h: No such file or directory
 #include <sys/inttypes.h>
          ^~~~~~~~~~~~~~~~
compilation terminated.

from /home/hanfeixue/ns3/MultiEnv/src/core: Test does not build: Traceback (most recent call last):
  File "/home/hanfeixue/ns3/MultiEnv/.waf3-1.8.19-b1fc8f7baef51bd2db4c2971909a568d/waflib/Configure.py", line 335, in run_build
    bld.compile()
  File "/home/hanfeixue/ns3/MultiEnv/.waf3-1.8.19-b1fc8f7baef51bd2db4c2971909a568d/waflib/Build.py", line 185, in compile
    raise Errors.BuildError(self.producer.error)
waflib.Errors.BuildError: Build failed
 -> task in 'testprog' failed (exit status 1): 
	{task 139956794885904: cxx test.cpp -> test.cpp.1.o}
['/usr/bin/g++', '-Wno-error', '-std=c++11', '-DNS3_BUILD_PROFILE_DEBUG', '-DNS3_ASSERT_ENABLE', '-DNS3_LOG_ENABLE', '-DHAVE___UINT128_T=1', '-DINT64X64_USE_128=1', '-DHAVE_STDINT_H=1', '-DHAVE_INTTYPES_H=1', '../test.cpp', '-c', '-o', '/home/hanfeixue/ns3/MultiEnv/build/.conf_check_71904c631df704b4344604c3c44143a4/testbuild/test.cpp.1.o']

not found
from /home/hanfeixue/ns3/MultiEnv/src/core: The configuration failed
------------------------------------------------------------------
Checking for header sys/types.h
==>
#include <sys/types.h>

int main(int argc, char **argv) {
	(void)argc; (void)argv;
	return 0;
}

<==
[1/2] Compiling [32mbuild/.conf_check_651c90b01b6866dbbae6ccd08f92e408/test.cpp[0m

['/usr/bin/g++', '-Wno-error', '-std=c++11', '-DNS3_BUILD_PROFILE_DEBUG', '-DNS3_ASSERT_ENABLE', '-DNS3_LOG_ENABLE', '-DHAVE___UINT128_T=1', '-DINT64X64_USE_128=1', '-DHAVE_STDINT_H=1', '-DHAVE_INTTYPES_H=1', '../test.cpp', '-c', '-o', '/home/hanfeixue/ns3/MultiEnv/build/.conf_check_651c90b01b6866dbbae6ccd08f92e408/testbuild/test.cpp.1.o']
[2/2] Linking [33mbuild/.conf_check_651c90b01b6866dbbae6ccd08f92e408/testbuild/testprog[0m

['/usr/bin/g++', 'test.cpp.1.o', '-o', '/home/hanfeixue/ns3/MultiEnv/build/.conf_check_651c90b01b6866dbbae6ccd08f92e408/testbuild/testprog', '-Wl,-Bstatic', '-Wl,-Bdynamic']
yes
------------------------------------------------------------------
Checking for header sys/stat.h
==>
#include <sys/stat.h>

int main(int argc, char **argv) {
	(void)argc; (void)argv;
	return 0;
}

<==
[1/2] Compiling [32mbuild/.conf_check_d8fd8b184f547e257e9882023e24966f/test.cpp[0m

['/usr/bin/g++', '-Wno-error', '-std=c++11', '-DNS3_BUILD_PROFILE_DEBUG', '-DNS3_ASSERT_ENABLE', '-DNS3_LOG_ENABLE', '-DHAVE___UINT128_T=1', '-DINT64X64_USE_128=1', '-DHAVE_STDINT_H=1', '-DHAVE_INTTYPES_H=1', '-DHAVE_SYS_TYPES_H=1', '../test.cpp', '-c', '-o', '/home/hanfeixue/ns3/MultiEnv/build/.conf_check_d8fd8b184f547e257e9882023e24966f/testbuild/test.cpp.1.o']
[2/2] Linking [33mbuild/.conf_check_d8fd8b184f547e257e9882023e24966f/testbuild/testprog[0m

['/usr/bin/g++', 'test.cpp.1.o', '-o', '/home/hanfeixue/ns3/MultiEnv/build/.conf_check_d8fd8b184f547e257e9882023e24966f/testbuild/testprog', '-Wl,-Bstatic', '-Wl,-Bdynamic']
yes
------------------------------------------------------------------
Checking for header dirent.h
==>
#include <dirent.h>

int main(int argc, char **argv) {
	(void)argc; (void)argv;
	return 0;
}

<==
[1/2] Compiling [32mbuild/.conf_check_d0d49fff565b33d6144e7503bdf53c11/test.cpp[0m

['/usr/bin/g++', '-Wno-error', '-std=c++11', '-DNS3_BUILD_PROFILE_DEBUG', '-DNS3_ASSERT_ENABLE', '-DNS3_LOG_ENABLE', '-DHAVE___UINT128_T=1', '-DINT64X64_USE_128=1', '-DHAVE_STDINT_H=1', '-DHAVE_INTTYPES_H=1', '-DHAVE_SYS_TYPES_H=1', '-DHAVE_SYS_STAT_H=1', '../test.cpp', '-c', '-o', '/home/hanfeixue/ns3/MultiEnv/build/.conf_check_d0d49fff565b33d6144e7503bdf53c11/testbuild/test.cpp.1.o']
[2/2] Linking [33mbuild/.conf_check_d0d49fff565b33d6144e7503bdf53c11/testbuild/testprog[0m

['/usr/bin/g++', 'test.cpp.1.o', '-o', '/home/hanfeixue/ns3/MultiEnv/build/.conf_check_d0d49fff565b33d6144e7503bdf53c11/testbuild/testprog', '-Wl,-Bstatic', '-Wl,-Bdynamic']
yes
------------------------------------------------------------------
Checking for header stdlib.h
==>
#include <stdlib.h>

int main(int argc, char **argv) {
	(void)argc; (void)argv;
	return 0;
}

<==
[1/2] Compiling [32mbuild/.conf_check_49c4183d6047a21d1c35edda6cb47aab/test.cpp[0m

['/usr/bin/g++', '-Wno-error', '-std=c++11', '-DNS3_BUILD_PROFILE_DEBUG', '-DNS3_ASSERT_ENABLE', '-DNS3_LOG_ENABLE', '-DHAVE___UINT128_T=1', '-DINT64X64_USE_128=1', '-DHAVE_STDINT_H=1', '-DHAVE_INTTYPES_H=1', '-DHAVE_SYS_TYPES_H=1', '-DHAVE_SYS_STAT_H=1', '-DHAVE_DIRENT_H=1', '../test.cpp', '-c', '-o', '/home/hanfeixue/ns3/MultiEnv/build/.conf_check_49c4183d6047a21d1c35edda6cb47aab/testbuild/test.cpp.1.o']
[2/2] Linking [33mbuild/.conf_check_49c4183d6047a21d1c35edda6cb47aab/testbuild/testprog[0m

['/usr/bin/g++', 'test.cpp.1.o', '-o', '/home/hanfeixue/ns3/MultiEnv/build/.conf_check_49c4183d6047a21d1c35edda6cb47aab/testbuild/testprog', '-Wl,-Bstatic', '-Wl,-Bdynamic']
yes
------------------------------------------------------------------
Checking for header signal.h
==>
#include <signal.h>

int main(int argc, char **argv) {
	(void)argc; (void)argv;
	return 0;
}

<==
[1/2] Compiling [32mbuild/.conf_check_3dc515a75e2de8b978119a52fcc2bcf3/test.cpp[0m

['/usr/bin/g++', '-Wno-error', '-std=c++11', '-DNS3_BUILD_PROFILE_DEBUG', '-DNS3_ASSERT_ENABLE', '-DNS3_LOG_ENABLE', '-DHAVE___UINT128_T=1', '-DINT64X64_USE_128=1', '-DHAVE_STDINT_H=1', '-DHAVE_INTTYPES_H=1', '-DHAVE_SYS_TYPES_H=1', '-DHAVE_SYS_STAT_H=1', '-DHAVE_DIRENT_H=1', '-DHAVE_STDLIB_H=1', '-DHAVE_GETENV=1', '../test.cpp', '-c', '-o', '/home/hanfeixue/ns3/MultiEnv/build/.conf_check_3dc515a75e2de8b978119a52fcc2bcf3/testbuild/test.cpp.1.o']
[2/2] Linking [33mbuild/.conf_check_3dc515a75e2de8b978119a52fcc2bcf3/testbuild/testprog[0m

['/usr/bin/g++', 'test.cpp.1.o', '-o', '/home/hanfeixue/ns3/MultiEnv/build/.conf_check_3dc515a75e2de8b978119a52fcc2bcf3/testbuild/testprog', '-Wl,-Bstatic', '-Wl,-Bdynamic']
yes
------------------------------------------------------------------
Checking for header pthread.h
==>

#include <pthread.h>
int main ()
{
   pthread_mutex_t m;
   pthread_mutex_init (&m, NULL);
   return 0;
}

<==
[1/2] Compiling [32mbuild/.conf_check_3dba3ed7ad9a7a3a59ebefd4cb46e70d/test.cpp[0m

['/usr/bin/g++', '-Wno-error', '-std=c++11', '-pthread', '-DNS3_BUILD_PROFILE_DEBUG', '-DNS3_ASSERT_ENABLE', '-DNS3_LOG_ENABLE', '-DHAVE___UINT128_T=1', '-DINT64X64_USE_128=1', '-DHAVE_STDINT_H=1', '-DHAVE_INTTYPES_H=1', '-DHAVE_SYS_TYPES_H=1', '-DHAVE_SYS_STAT_H=1', '-DHAVE_DIRENT_H=1', '-DHAVE_STDLIB_H=1', '-DHAVE_GETENV=1', '-DHAVE_SIGNAL_H=1', '../test.cpp', '-c', '-o', '/home/hanfeixue/ns3/MultiEnv/build/.conf_check_3dba3ed7ad9a7a3a59ebefd4cb46e70d/testbuild/test.cpp.1.o']
[2/2] Linking [33mbuild/.conf_check_3dba3ed7ad9a7a3a59ebefd4cb46e70d/testbuild/testprog[0m

['/usr/bin/g++', '-pthread', 'test.cpp.1.o', '-o', '/home/hanfeixue/ns3/MultiEnv/build/.conf_check_3dba3ed7ad9a7a3a59ebefd4cb46e70d/testbuild/testprog', '-Wl,-Bstatic', '-Wl,-Bdynamic']
yes
------------------------------------------------------------------
Checking for header stdint.h
==>
#include <stdint.h>

int main(int argc, char **argv) {
	(void)argc; (void)argv;
	return 0;
}

<==
[1/2] Compiling [32mbuild/.conf_check_e9ffe1c84738b2697a47c97c37fa24cd/test.cpp[0m

['/usr/bin/g++', '-Wno-error', '-std=c++11', '-DNS3_BUILD_PROFILE_DEBUG', '-DNS3_ASSERT_ENABLE', '-DNS3_LOG_ENABLE', '-DHAVE___UINT128_T=1', '-DINT64X64_USE_128=1', '-DHAVE_INTTYPES_H=1', '-DHAVE_SYS_TYPES_H=1', '-DHAVE_SYS_STAT_H=1', '-DHAVE_DIRENT_H=1', '-DHAVE_STDLIB_H=1', '-DHAVE_GETENV=1', '-DHAVE_SIGNAL_H=1', '-DHAVE_PTHREAD_H=1', '../test.cpp', '-c', '-o', '/home/hanfeixue/ns3/MultiEnv/build/.conf_check_e9ffe1c84738b2697a47c97c37fa24cd/testbuild/test.cpp.1.o']
[2/2] Linking [33mbuild/.conf_check_e9ffe1c84738b2697a47c97c37fa24cd/testbuild/testprog[0m

['/usr/bin/g++', 'test.cpp.1.o', '-o', '/home/hanfeixue/ns3/MultiEnv/build/.conf_check_e9ffe1c84738b2697a47c97c37fa24cd/testbuild/testprog', '-Wl,-Bstatic', '-Wl,-Bdynamic']
yes
------------------------------------------------------------------
Checking for header inttypes.h
==>
#include <inttypes.h>

int main(int argc, char **argv) {
	(void)argc; (void)argv;
	return 0;
}

<==
[1/2] Compiling [32mbuild/.conf_check_c685555295535dc566d2d0ea10564e07/test.cpp[0m

['/usr/bin/g++', '-Wno-error', '-std=c++11', '-DNS3_BUILD_PROFILE_DEBUG', '-DNS3_ASSERT_ENABLE', '-DNS3_LOG_ENABLE', '-DHAVE___UINT128_T=1', '-DINT64X64_USE_128=1', '-DHAVE_SYS_TYPES_H=1', '-DHAVE_SYS_STAT_H=1', '-DHAVE_DIRENT_H=1', '-DHAVE_STDLIB_H=1', '-DHAVE_GETENV=1', '-DHAVE_SIGNAL_H=1', '-DHAVE_PTHREAD_H=1', '-DHAVE_STDINT_H=1', '../test.cpp', '-c', '-o', '/home/hanfeixue/ns3/MultiEnv/build/.conf_check_c685555295535dc566d2d0ea10564e07/testbuild/test.cpp.1.o']
[2/2] Linking [33mbuild/.conf_check_c685555295535dc566d2d0ea10564e07/testbuild/testprog[0m

['/usr/bin/g++', 'test.cpp.1.o', '-o', '/home/hanfeixue/ns3/MultiEnv/build/.conf_check_c685555295535dc566d2d0ea10564e07/testbuild/testprog', '-Wl,-Bstatic', '-Wl,-Bdynamic']
yes
------------------------------------------------------------------
Checking for header sys/inttypes.h
==>
#include <sys/inttypes.h>

int main(int argc, char **argv) {
	(void)argc; (void)argv;
	return 0;
}

<==
[1/2] Compiling [32mbuild/.conf_check_71904c631df704b4344604c3c44143a4/test.cpp[0m

['/usr/bin/g++', '-Wno-error', '-std=c++11', '-DNS3_BUILD_PROFILE_DEBUG', '-DNS3_ASSERT_ENABLE', '-DNS3_LOG_ENABLE', '-DHAVE___UINT128_T=1', '-DINT64X64_USE_128=1', '-DHAVE_SYS_TYPES_H=1', '-DHAVE_SYS_STAT_H=1', '-DHAVE_DIRENT_H=1', '-DHAVE_STDLIB_H=1', '-DHAVE_GETENV=1', '-DHAVE_SIGNAL_H=1', '-DHAVE_PTHREAD_H=1', '-DHAVE_STDINT_H=1', '-DHAVE_INTTYPES_H=1', '../test.cpp', '-c', '-o', '/home/hanfeixue/ns3/MultiEnv/build/.conf_check_71904c631df704b4344604c3c44143a4/testbuild/test.cpp.1.o']
err: ../test.cpp:1:10: fatal error: sys/inttypes.h: No such file or directory
 #include <sys/inttypes.h>
          ^~~~~~~~~~~~~~~~
compilation terminated.

from /home/hanfeixue/ns3/MultiEnv/src/core: Test does not build: Traceback (most recent call last):
  File "/home/hanfeixue/ns3/MultiEnv/.waf3-1.8.19-b1fc8f7baef51bd2db4c2971909a568d/waflib/Configure.py", line 335, in run_build
    bld.compile()
  File "/home/hanfeixue/ns3/MultiEnv/.waf3-1.8.19-b1fc8f7baef51bd2db4c2971909a568d/waflib/Build.py", line 185, in compile
    raise Errors.BuildError(self.producer.error)
waflib.Errors.BuildError: Build failed
 -> task in 'testprog' failed (exit status 1): 
	{task 139956805518608: cxx test.cpp -> test.cpp.1.o}
['/usr/bin/g++', '-Wno-error', '-std=c++11', '-DNS3_BUILD_PROFILE_DEBUG', '-DNS3_ASSERT_ENABLE', '-DNS3_LOG_ENABLE', '-DHAVE___UINT128_T=1', '-DINT64X64_USE_128=1', '-DHAVE_SYS_TYPES_H=1', '-DHAVE_SYS_STAT_H=1', '-DHAVE_DIRENT_H=1', '-DHAVE_STDLIB_H=1', '-DHAVE_GETENV=1', '-DHAVE_SIGNAL_H=1', '-DHAVE_PTHREAD_H=1', '-DHAVE_STDINT_H=1', '-DHAVE_INTTYPES_H=1', '../test.cpp', '-c', '-o', '/home/hanfeixue/ns3/MultiEnv/build/.conf_check_71904c631df704b4344604c3c44143a4/testbuild/test.cpp.1.o']

not found
from /home/hanfeixue/ns3/MultiEnv/src/core: The configuration failed
------------------------------------------------------------------
Checking for library rt
==>

int main(int argc, char **argv) {
	(void)argc; (void)argv;
	return 0;
}

<==
[1/2] Compiling [32mbuild/.conf_check_3617d4ae84d26dcfa6b4e971032b17a1/test.cpp[0m

['/usr/bin/g++', '-Wno-error', '-std=c++11', '-pthread', '-DNS3_BUILD_PROFILE_DEBUG', '-DNS3_ASSERT_ENABLE', '-DNS3_LOG_ENABLE', '-DHAVE___UINT128_T=1', '-DINT64X64_USE_128=1', '-DHAVE_SYS_TYPES_H=1', '-DHAVE_SYS_STAT_H=1', '-DHAVE_DIRENT_H=1', '-DHAVE_STDLIB_H=1', '-DHAVE_GETENV=1', '-DHAVE_SIGNAL_H=1', '-DHAVE_PTHREAD_H=1', '-DHAVE_STDINT_H=1', '-DHAVE_INTTYPES_H=1', '../test.cpp', '-c', '-o', '/home/hanfeixue/ns3/MultiEnv/build/.conf_check_3617d4ae84d26dcfa6b4e971032b17a1/testbuild/test.cpp.1.o']
[2/2] Linking [33mbuild/.conf_check_3617d4ae84d26dcfa6b4e971032b17a1/testbuild/testprog[0m

['/usr/bin/g++', '-pthread', 'test.cpp.1.o', '-o', '/home/hanfeixue/ns3/MultiEnv/build/.conf_check_3617d4ae84d26dcfa6b4e971032b17a1/testbuild/testprog', '-Wl,-Bstatic', '-Wl,-Bdynamic', '-lrt']
yes
------------------------------------------------------------------
Checking for header sys/ioctl.h
==>
#include <sys/ioctl.h>

int main(int argc, char **argv) {
	(void)argc; (void)argv;
	return 0;
}

<==
[1/2] Compiling [32mbuild/.conf_check_adb34032cf0deeff628befd0d3a4594b/test.cpp[0m

['/usr/bin/g++', '-Wno-error', '-std=c++11', '-DNS3_BUILD_PROFILE_DEBUG', '-DNS3_ASSERT_ENABLE', '-DNS3_LOG_ENABLE', '../test.cpp', '-c', '-o', '/home/hanfeixue/ns3/MultiEnv/build/.conf_check_adb34032cf0deeff628befd0d3a4594b/testbuild/test.cpp.1.o']
[2/2] Linking [33mbuild/.conf_check_adb34032cf0deeff628befd0d3a4594b/testbuild/testprog[0m

['/usr/bin/g++', 'test.cpp.1.o', '-o', '/home/hanfeixue/ns3/MultiEnv/build/.conf_check_adb34032cf0deeff628befd0d3a4594b/testbuild/testprog', '-Wl,-Bstatic', '-Wl,-Bdynamic']
yes
------------------------------------------------------------------
Checking for header net/if.h
==>
#include <net/if.h>

int main(int argc, char **argv) {
	(void)argc; (void)argv;
	return 0;
}

<==
[1/2] Compiling [32mbuild/.conf_check_10d9136e7879c4b006ff3b4e5b9fa34b/test.cpp[0m

['/usr/bin/g++', '-Wno-error', '-std=c++11', '-DNS3_BUILD_PROFILE_DEBUG', '-DNS3_ASSERT_ENABLE', '-DNS3_LOG_ENABLE', '-DHAVE_SYS_IOCTL_H=1', '../test.cpp', '-c', '-o', '/home/hanfeixue/ns3/MultiEnv/build/.conf_check_10d9136e7879c4b006ff3b4e5b9fa34b/testbuild/test.cpp.1.o']
[2/2] Linking [33mbuild/.conf_check_10d9136e7879c4b006ff3b4e5b9fa34b/testbuild/testprog[0m

['/usr/bin/g++', 'test.cpp.1.o', '-o', '/home/hanfeixue/ns3/MultiEnv/build/.conf_check_10d9136e7879c4b006ff3b4e5b9fa34b/testbuild/testprog', '-Wl,-Bstatic', '-Wl,-Bdynamic']
yes
------------------------------------------------------------------
Checking for header net/ethernet.h
==>
#include <net/ethernet.h>

int main(int argc, char **argv) {
	(void)argc; (void)argv;
	return 0;
}

<==
[1/2] Compiling [32mbuild/.conf_check_61476069ce496445235f2d962a44f2d1/test.cpp[0m

['/usr/bin/g++', '-Wno-error', '-std=c++11', '-DNS3_BUILD_PROFILE_DEBUG', '-DNS3_ASSERT_ENABLE', '-DNS3_LOG_ENABLE', '-DHAVE_SYS_IOCTL_H=1', '-DHAVE_IF_NETS_H=1', '../test.cpp', '-c', '-o', '/home/hanfeixue/ns3/MultiEnv/build/.conf_check_61476069ce496445235f2d962a44f2d1/testbuild/test.cpp.1.o']
[2/2] Linking [33mbuild/.conf_check_61476069ce496445235f2d962a44f2d1/testbuild/testprog[0m

['/usr/bin/g++', 'test.cpp.1.o', '-o', '/home/hanfeixue/ns3/MultiEnv/build/.conf_check_61476069ce496445235f2d962a44f2d1/testbuild/testprog', '-Wl,-Bstatic', '-Wl,-Bdynamic']
yes
------------------------------------------------------------------
Checking for header linux/if_tun.h
==>
#include <linux/if_tun.h>

int main(int argc, char **argv) {
	(void)argc; (void)argv;
	return 0;
}

<==
[1/2] Compiling [32mbuild/.conf_check_d9dacd06f8ae06ac9de13b77cd7e0938/test.cpp[0m

['/usr/bin/g++', '-Wno-error', '-std=c++11', '-DNS3_BUILD_PROFILE_DEBUG', '-DNS3_ASSERT_ENABLE', '-DNS3_LOG_ENABLE', '-DHAVE_SYS_IOCTL_H=1', '-DHAVE_IF_NETS_H=1', '-DHAVE_NET_ETHERNET_H=1', '../test.cpp', '-c', '-o', '/home/hanfeixue/ns3/MultiEnv/build/.conf_check_d9dacd06f8ae06ac9de13b77cd7e0938/testbuild/test.cpp.1.o']
[2/2] Linking [33mbuild/.conf_check_d9dacd06f8ae06ac9de13b77cd7e0938/testbuild/testprog[0m

['/usr/bin/g++', 'test.cpp.1.o', '-o', '/home/hanfeixue/ns3/MultiEnv/build/.conf_check_d9dacd06f8ae06ac9de13b77cd7e0938/testbuild/testprog', '-Wl,-Bstatic', '-Wl,-Bdynamic']
yes
------------------------------------------------------------------
Checking for header netpacket/packet.h
==>
#include <netpacket/packet.h>

int main(int argc, char **argv) {
	(void)argc; (void)argv;
	return 0;
}

<==
[1/2] Compiling [32mbuild/.conf_check_e1f0ff8d3dfd079f6ccb2d394edfd47d/test.cpp[0m

['/usr/bin/g++', '-Wno-error', '-std=c++11', '-DNS3_BUILD_PROFILE_DEBUG', '-DNS3_ASSERT_ENABLE', '-DNS3_LOG_ENABLE', '-DHAVE_SYS_IOCTL_H=1', '-DHAVE_IF_NETS_H=1', '-DHAVE_NET_ETHERNET_H=1', '-DHAVE_IF_TUN_H=1', '../test.cpp', '-c', '-o', '/home/hanfeixue/ns3/MultiEnv/build/.conf_check_e1f0ff8d3dfd079f6ccb2d394edfd47d/testbuild/test.cpp.1.o']
[2/2] Linking [33mbuild/.conf_check_e1f0ff8d3dfd079f6ccb2d394edfd47d/testbuild/testprog[0m

['/usr/bin/g++', 'test.cpp.1.o', '-o', '/home/hanfeixue/ns3/MultiEnv/build/.conf_check_e1f0ff8d3dfd079f6ccb2d394edfd47d/testbuild/testprog', '-Wl,-Bstatic', '-Wl,-Bdynamic']
yes
------------------------------------------------------------------
Checking for NSC location
not found
------------------------------------------------------------------
Checking for OpenFlow location
not found
------------------------------------------------------------------
Checking for 'sqlite3'
['/usr/bin/pkg-config', '--cflags', '--libs', 'sqlite3']
out: -lsqlite3

yes
------------------------------------------------------------------
Checking for header linux/if_tun.h
==>
#include <linux/if_tun.h>

int main(int argc, char **argv) {
	(void)argc; (void)argv;
	return 0;
}

<==
[1/2] Compiling [32mbuild/.conf_check_d9dacd06f8ae06ac9de13b77cd7e0938/test.cpp[0m

['/usr/bin/g++', '-Wno-error', '-std=c++11', '-DNS3_BUILD_PROFILE_DEBUG', '-DNS3_ASSERT_ENABLE', '-DNS3_LOG_ENABLE', '-DHAVE_SYS_IOCTL_H=1', '-DHAVE_IF_NETS_H=1', '-DHAVE_NET_ETHERNET_H=1', '-DHAVE_PACKET_H=1', '../test.cpp', '-c', '-o', '/home/hanfeixue/ns3/MultiEnv/build/.conf_check_d9dacd06f8ae06ac9de13b77cd7e0938/testbuild/test.cpp.1.o']
[2/2] Linking [33mbuild/.conf_check_d9dacd06f8ae06ac9de13b77cd7e0938/testbuild/testprog[0m

['/usr/bin/g++', 'test.cpp.1.o', '-o', '/home/hanfeixue/ns3/MultiEnv/build/.conf_check_d9dacd06f8ae06ac9de13b77cd7e0938/testbuild/testprog', '-Wl,-Bstatic', '-Wl,-Bdynamic']
yes
------------------------------------------------------------------
Checking for program 'sudo'
/usr/bin/sudo
find program=['sudo'] paths=['/opt/miniconda3/bin', '/opt/miniconda3/condabin', '/usr/local/sbin', '/usr/local/bin', '/usr/sbin', '/usr/bin', '/sbin', '/bin', '/usr/games', '/usr/local/games', '/snap/bin'] var='SUDO' -> ['/usr/bin/sudo']
------------------------------------------------------------------
Checking for program 'valgrind'
/usr/bin/valgrind
find program=['valgrind'] paths=['/opt/miniconda3/bin', '/opt/miniconda3/condabin', '/usr/local/sbin', '/usr/local/bin', '/usr/sbin', '/usr/bin', '/sbin', '/bin', '/usr/games', '/usr/local/games', '/snap/bin'] var='VALGRIND' -> ['/usr/bin/valgrind']
------------------------------------------------------------------
Checking for 'gsl'
['/usr/bin/pkg-config', '--cflags', '--libs', 'gsl']
err: Package gsl was not found in the pkg-config search path.
Perhaps you should add the directory containing `gsl.pc'
to the PKG_CONFIG_PATH environment variable
No package 'gsl' found

not found
from /home/hanfeixue/ns3/MultiEnv: The configuration failed
------------------------------------------------------------------
python-config
not found
find program=['libgcrypt-config'] paths=['/opt/miniconda3/bin', '/opt/miniconda3/condabin', '/usr/local/sbin', '/usr/local/bin', '/usr/sbin', '/usr/bin', '/sbin', '/bin', '/usr/games', '/usr/local/games', '/snap/bin'] var='LIBGCRYPT_CONFIG' -> None
from /home/hanfeixue/ns3/MultiEnv: Could not find the program ['libgcrypt-config']
------------------------------------------------------------------
Checking for compilation flag -Wno-error=deprecated-d... support
==>
int main() { return 0; }
<==
[1/1] Compiling [32mbuild/.conf_check_f3bb7f620175b0c1d0edeb5ebe1d6726/test.c[0m

['/usr/bin/gcc', '-Wno-error=deprecated-declarations', '-DNS3_BUILD_PROFILE_DEBUG', '-DNS3_ASSERT_ENABLE', '-DNS3_LOG_ENABLE', '-DHAVE_SYS_IOCTL_H=1', '-DHAVE_IF_NETS_H=1', '-DHAVE_NET_ETHERNET_H=1', '-DHAVE_PACKET_H=1', '-DHAVE_IF_TUN_H=1', '../test.c', '-c', '-o', '/home/hanfeixue/ns3/MultiEnv/build/.conf_check_f3bb7f620175b0c1d0edeb5ebe1d6726/testbuild/test.c.1.o']
ok
------------------------------------------------------------------
Checking for compilation flag -fstrict-aliasing support
==>
int main() { return 0; }
<==
[1/1] Compiling [32mbuild/.conf_check_f3bb7f620175b0c1d0edeb5ebe1d6726/test.c[0m

['/usr/bin/gcc', '-fstrict-aliasing', '-DNS3_BUILD_PROFILE_DEBUG', '-DNS3_ASSERT_ENABLE', '-DNS3_LOG_ENABLE', '-DHAVE_SYS_IOCTL_H=1', '-DHAVE_IF_NETS_H=1', '-DHAVE_NET_ETHERNET_H=1', '-DHAVE_PACKET_H=1', '-DHAVE_IF_TUN_H=1', '../test.c', '-c', '-o', '/home/hanfeixue/ns3/MultiEnv/build/.conf_check_f3bb7f620175b0c1d0edeb5ebe1d6726/testbuild/test.c.1.o']
ok
------------------------------------------------------------------
Checking for compilation flag -Wstrict-aliasing support
==>
int main() { return 0; }
<==
[1/1] Compiling [32mbuild/.conf_check_f3bb7f620175b0c1d0edeb5ebe1d6726/test.c[0m

['/usr/bin/gcc', '-Wstrict-aliasing', '-DNS3_BUILD_PROFILE_DEBUG', '-DNS3_ASSERT_ENABLE', '-DNS3_LOG_ENABLE', '-DHAVE_SYS_IOCTL_H=1', '-DHAVE_IF_NETS_H=1', '-DHAVE_NET_ETHERNET_H=1', '-DHAVE_PACKET_H=1', '-DHAVE_IF_TUN_H=1', '../test.c', '-c', '-o', '/home/hanfeixue/ns3/MultiEnv/build/.conf_check_f3bb7f620175b0c1d0edeb5ebe1d6726/testbuild/test.c.1.o']
ok
------------------------------------------------------------------
Checking for program 'doxygen'
not found
find program=['doxygen'] paths=['/opt/miniconda3/bin', '/opt/miniconda3/condabin', '/usr/local/sbin', '/usr/local/bin', '/usr/sbin', '/usr/bin', '/sbin', '/bin', '/usr/games', '/usr/local/games', '/snap/bin'] var='DOXYGEN' -> None
from /home/hanfeixue/ns3/MultiEnv: Could not find the program ['doxygen']
